[INFO] [Tue Feb 23 18:13:58 2021] [Server up and running]
[INFO] [Tue Feb 23 18:14:17 2021] [client connected with socket_fd 5]
[INFO] [Tue Feb 23 18:16:53 2021] [client disconected with socket_fd 5]
[INFO] [Tue Feb 23 18:16:53 2021] [client connected with socket_fd 6]
[INFO] [Tue Feb 23 18:17:13 2021] [client disconected with socket_fd 6]
[INFO] [Tue Feb 23 18:17:48 2021] [Server up and running]
[INFO] [Tue Feb 23 18:17:50 2021] [client connected with socket_fd 7]
[INFO] [Tue Feb 23 18:17:58 2021] [client disconected with socket_fd 7]
[INFO] [Tue Feb 23 18:18:00 2021] [client connected with socket_fd 5]
[INFO] [Tue Feb 23 18:19:40 2021] [client disconected with socket_fd 5]
[INFO] [Tue Feb 23 18:19:47 2021] [Server up and running]
[INFO] [Tue Feb 23 18:19:53 2021] [client connected with socket_fd 6]
[INFO] [Tue Feb 23 18:20:43 2021] [client disconected with socket_fd 6]
[FATAL] [Tue Feb 23 18:23:04 2021] [Server CTRL+C]
[INFO] [Tue Feb 23 18:25:34 2021] [Server up and running]
[INFO] [Tue Feb 23 18:25:38 2021] [client connected with socket_fd 6]
[INFO] [Tue Feb 23 18:26:16 2021] [client disconected with socket_fd 6]
[INFO] [Tue Feb 23 18:26:17 2021] [client connected with socket_fd 7]
[INFO] [Tue Feb 23 18:26:45 2021] [client disconected with socket_fd 7]
[FATAL] [Tue Feb 23 18:30:05 2021] [Server CTRL+C]
[INFO] [Tue Feb 23 18:37:15 2021] [Server up and running]
[INFO] [Tue Feb 23 18:37:21 2021] [client connected with socket_fd 6]
[FATAL] [Tue Feb 23 18:39:32 2021] [Server CTRL+C]
[INFO] [Tue Feb 23 18:40:22 2021] [Server up and running]
[INFO] [Tue Feb 23 18:40:25 2021] [client connected with socket_fd 6]
[INFO] [Tue Feb 23 18:40:50 2021] [client disconected with socket_fd 6]
[INFO] [Tue Feb 23 18:41:26 2021] [client connected with socket_fd 7]
[INFO] [Tue Feb 23 18:41:28 2021] [client disconected with socket_fd 7]
[INFO] [Tue Feb 23 18:41:32 2021] [client connected with socket_fd 8]
[INFO] [Tue Feb 23 18:41:41 2021] [client disconected with socket_fd 8]
[INFO] [Tue Feb 23 18:42:46 2021] [client connected with socket_fd 9]
[INFO] [Tue Feb 23 18:42:47 2021] [client disconected with socket_fd 9]
[INFO] [Tue Feb 23 18:42:50 2021] [client connected with socket_fd 16]
[INFO] [Tue Feb 23 18:43:01 2021] [client disconected with socket_fd 16]
[INFO] [Tue Feb 23 18:48:05 2021] [client connected with socket_fd 17]
[INFO] [Tue Feb 23 18:48:21 2021] [client disconected with socket_fd 17]
[INFO] [Tue Feb 23 18:54:08 2021] [client connected with socket_fd 18]
[INFO] [Tue Feb 23 18:54:11 2021] [client disconected with socket_fd 18]
[INFO] [Tue Feb 23 18:54:34 2021] [client connected with socket_fd 19]
[INFO] [Tue Feb 23 18:56:08 2021] [client disconected with socket_fd 19]
[INFO] [Tue Feb 23 18:56:12 2021] [client connected with socket_fd 20]
[INFO] [Tue Feb 23 18:56:16 2021] [client with socket_fd 20, set user_id 27]
[INFO] [Tue Feb 23 18:56:33 2021] [client disconected with socket_fd 20]
[INFO] [Tue Feb 23 18:56:34 2021] [client connected with socket_fd 21]
[INFO] [Tue Feb 23 18:56:37 2021] [client with socket_fd 21, set user_id 27]
[INFO] [Tue Feb 23 18:56:45 2021] [client disconected with socket_fd 21]
[INFO] [Tue Feb 23 18:57:36 2021] [client connected with socket_fd 22]
[INFO] [Tue Feb 23 18:57:39 2021] [client with socket_fd 22, set user_id 27]
[INFO] [Tue Feb 23 19:04:11 2021] [client disconected with socket_fd 22]
[INFO] [Tue Feb 23 19:52:45 2021] [client connected with socket_fd 23]
[INFO] [Tue Feb 23 19:52:50 2021] [client with socket_fd 23, set user_id 27]
[INFO] [Tue Feb 23 19:53:21 2021] [client disconected with socket_fd 23]
[INFO] [Tue Feb 23 19:53:22 2021] [client connected with socket_fd 24]
[INFO] [Tue Feb 23 19:53:25 2021] [client with socket_fd 24, set user_id 27]
[INFO] [Tue Feb 23 20:03:12 2021] [client disconected with socket_fd 24]
[INFO] [Wed Feb 24 13:46:08 2021] [Server up and running]
[INFO] [Wed Feb 24 13:46:20 2021] [client connected with socket_fd 6]
[INFO] [Wed Feb 24 13:46:27 2021] [client with socket_fd 6, set user_id 27]
[INFO] [Wed Feb 24 13:47:51 2021] [client disconected with socket_fd 6]
[INFO] [Wed Feb 24 13:48:38 2021] [client connected with socket_fd 7]
[INFO] [Wed Feb 24 13:48:45 2021] [client with socket_fd 7, set user_id 27]
[INFO] [Wed Feb 24 13:49:07 2021] [client disconected with socket_fd 7]
[INFO] [Wed Feb 24 14:02:18 2021] [client connected with socket_fd 8]
[INFO] [Wed Feb 24 14:02:27 2021] [client with socket_fd 8, set user_id 27]
[INFO] [Wed Feb 24 14:02:45 2021] [client disconected with socket_fd 8]
[INFO] [Wed Feb 24 14:05:15 2021] [client connected with socket_fd 9]
[INFO] [Wed Feb 24 14:05:21 2021] [client with socket_fd 9, set user_id 27]
[INFO] [Wed Feb 24 14:13:55 2021] [client disconected with socket_fd 9]
[FATAL] [Wed Feb 24 15:09:30 2021] [Server CTRL+C]
[INFO] [Wed Feb 24 15:13:21 2021] [Server up and running]
[INFO] [Wed Feb 24 15:13:27 2021] [client connected with socket_fd 6]
[INFO] [Wed Feb 24 15:13:35 2021] [client with socket_fd 6, set user_id 27]
[INFO] [Wed Feb 24 15:13:44 2021] [client disconected with socket_fd 6]
[INFO] [Wed Feb 24 15:15:14 2021] [client connected with socket_fd 7]
[INFO] [Wed Feb 24 15:15:20 2021] [client with socket_fd 7, set user_id 27]
[INFO] [Wed Feb 24 15:15:25 2021] [client disconected with socket_fd 7]
[INFO] [Wed Feb 24 15:21:31 2021] [client connected with socket_fd 8]
[INFO] [Wed Feb 24 15:21:36 2021] [client with socket_fd 8, set user_id 27]
[INFO] [Wed Feb 24 15:21:41 2021] [client disconected with socket_fd 8]
[INFO] [Wed Feb 24 15:22:07 2021] [client connected with socket_fd 9]
[INFO] [Wed Feb 24 15:22:14 2021] [client with socket_fd 9, set user_id 27]
[INFO] [Wed Feb 24 15:22:18 2021] [client disconected with socket_fd 9]
[INFO] [Wed Feb 24 15:23:27 2021] [client connected with socket_fd 16]
[INFO] [Wed Feb 24 15:23:34 2021] [client with socket_fd 16, set user_id 27]
[INFO] [Wed Feb 24 15:23:38 2021] [client disconected with socket_fd 16]
[INFO] [Wed Feb 24 15:24:43 2021] [client connected with socket_fd 17]
[INFO] [Wed Feb 24 15:24:51 2021] [client with socket_fd 17, set user_id 27]
[INFO] [Wed Feb 24 15:24:56 2021] [client disconected with socket_fd 17]
[INFO] [Wed Feb 24 15:26:33 2021] [client connected with socket_fd 18]
[INFO] [Wed Feb 24 15:26:38 2021] [client with socket_fd 18, set user_id 27]
[INFO] [Wed Feb 24 15:26:42 2021] [client disconected with socket_fd 18]
[INFO] [Wed Feb 24 15:27:22 2021] [client connected with socket_fd 19]
[INFO] [Wed Feb 24 15:27:30 2021] [client with socket_fd 19, set user_id 27]
[INFO] [Wed Feb 24 15:27:34 2021] [client disconected with socket_fd 19]
[INFO] [Wed Feb 24 15:27:59 2021] [client connected with socket_fd 20]
[INFO] [Wed Feb 24 15:28:04 2021] [client with socket_fd 20, set user_id 27]
[INFO] [Wed Feb 24 15:28:16 2021] [client disconected with socket_fd 20]
[INFO] [Wed Feb 24 15:28:26 2021] [client connected with socket_fd 21]
[INFO] [Wed Feb 24 15:28:31 2021] [client with socket_fd 21, set user_id 27]
[INFO] [Wed Feb 24 15:28:40 2021] [client disconected with socket_fd 21]
[INFO] [Wed Feb 24 15:28:51 2021] [client connected with socket_fd 22]
[INFO] [Wed Feb 24 15:28:59 2021] [client with socket_fd 22, set user_id 27]
[INFO] [Wed Feb 24 15:29:02 2021] [client disconected with socket_fd 22]
[INFO] [Wed Feb 24 15:29:12 2021] [client connected with socket_fd 23]
[INFO] [Wed Feb 24 15:29:19 2021] [client with socket_fd 23, set user_id 27]
[INFO] [Wed Feb 24 15:29:27 2021] [client disconected with socket_fd 23]
[INFO] [Wed Feb 24 15:29:44 2021] [client connected with socket_fd 24]
[INFO] [Wed Feb 24 15:29:53 2021] [client with socket_fd 24, set user_id 27]
[INFO] [Wed Feb 24 15:29:58 2021] [client disconected with socket_fd 24]
[INFO] [Wed Feb 24 15:33:13 2021] [client connected with socket_fd 27]
[INFO] [Wed Feb 24 15:33:18 2021] [client with socket_fd 27, set user_id 27]
[INFO] [Wed Feb 24 15:33:26 2021] [client disconected with socket_fd 27]
[INFO] [Wed Feb 24 15:34:44 2021] [client connected with socket_fd 28]
[INFO] [Wed Feb 24 15:34:49 2021] [client with socket_fd 28, set user_id 27]
[INFO] [Wed Feb 24 15:34:53 2021] [client disconected with socket_fd 28]
[INFO] [Wed Feb 24 15:35:41 2021] [client connected with socket_fd 29]
[INFO] [Wed Feb 24 15:35:47 2021] [client with socket_fd 29, set user_id 27]
[INFO] [Wed Feb 24 15:35:51 2021] [client disconected with socket_fd 29]
[INFO] [Wed Feb 24 15:37:23 2021] [client connected with socket_fd 30]
[INFO] [Wed Feb 24 15:37:28 2021] [client with socket_fd 30, set user_id 27]
[INFO] [Wed Feb 24 15:37:32 2021] [client disconected with socket_fd 30]
[INFO] [Wed Feb 24 15:38:00 2021] [client connected with socket_fd 31]
[INFO] [Wed Feb 24 15:38:06 2021] [client with socket_fd 31, set user_id 27]
[INFO] [Wed Feb 24 15:38:10 2021] [client disconected with socket_fd 31]
[INFO] [Wed Feb 24 15:38:52 2021] [client connected with socket_fd 32]
[INFO] [Wed Feb 24 15:38:58 2021] [client with socket_fd 32, set user_id 27]
[INFO] [Wed Feb 24 15:39:02 2021] [client disconected with socket_fd 32]
[INFO] [Wed Feb 24 15:40:33 2021] [client connected with socket_fd 33]
[INFO] [Wed Feb 24 15:40:39 2021] [client with socket_fd 33, set user_id 27]
[INFO] [Wed Feb 24 15:40:43 2021] [client disconected with socket_fd 33]
[INFO] [Wed Feb 24 15:41:37 2021] [client connected with socket_fd 34]
[INFO] [Wed Feb 24 15:41:42 2021] [client with socket_fd 34, set user_id 27]
[INFO] [Wed Feb 24 15:48:18 2021] [client disconected with socket_fd 34]
[INFO] [Wed Feb 24 15:48:56 2021] [client connected with socket_fd 35]
[INFO] [Wed Feb 24 15:49:04 2021] [client with socket_fd 35, set user_id 27]
[INFO] [Wed Feb 24 15:49:24 2021] [client disconected with socket_fd 35]
[INFO] [Wed Feb 24 15:49:26 2021] [client connected with socket_fd 36]
[INFO] [Wed Feb 24 15:49:31 2021] [client with socket_fd 36, set user_id 27]
[INFO] [Wed Feb 24 15:50:36 2021] [client disconected with socket_fd 36]
[INFO] [Wed Feb 24 15:50:51 2021] [client connected with socket_fd 37]
[INFO] [Wed Feb 24 15:51:00 2021] [client with socket_fd 37, set user_id 27]
[INFO] [Wed Feb 24 15:51:05 2021] [client disconected with socket_fd 37]
[INFO] [Wed Feb 24 15:52:11 2021] [client connected with socket_fd 38]
[INFO] [Wed Feb 24 15:52:16 2021] [client with socket_fd 38, set user_id 27]
[INFO] [Wed Feb 24 15:52:24 2021] [client disconected with socket_fd 38]
[INFO] [Wed Feb 24 15:52:25 2021] [client connected with socket_fd 39]
[INFO] [Wed Feb 24 15:52:33 2021] [client with socket_fd 39, set user_id 27]
[INFO] [Wed Feb 24 15:52:44 2021] [client disconected with socket_fd 39]
[INFO] [Wed Feb 24 15:52:49 2021] [client connected with socket_fd 40]
[INFO] [Wed Feb 24 15:52:54 2021] [client with socket_fd 40, set user_id 27]
[INFO] [Wed Feb 24 15:53:02 2021] [client disconected with socket_fd 40]
[INFO] [Wed Feb 24 16:00:50 2021] [client connected with socket_fd 41]
[INFO] [Wed Feb 24 16:00:53 2021] [client disconected with socket_fd 41]
[INFO] [Wed Feb 24 16:02:01 2021] [client connected with socket_fd 42]
[INFO] [Wed Feb 24 16:02:06 2021] [client with socket_fd 42, set user_id 27]
[INFO] [Wed Feb 24 16:02:36 2021] [client disconected with socket_fd 42]
[INFO] [Wed Feb 24 16:08:38 2021] [client connected with socket_fd 43]
[INFO] [Wed Feb 24 16:08:44 2021] [client with socket_fd 43, set user_id 27]
[INFO] [Wed Feb 24 16:14:34 2021] [client disconected with socket_fd 43]
[INFO] [Wed Feb 24 16:20:43 2021] [client connected with socket_fd 44]
[INFO] [Wed Feb 24 16:20:50 2021] [client with socket_fd 44, set user_id 27]
[INFO] [Wed Feb 24 16:21:59 2021] [client disconected with socket_fd 44]
[INFO] [Wed Feb 24 16:27:10 2021] [client connected with socket_fd 45]
[INFO] [Wed Feb 24 16:27:23 2021] [client with socket_fd 45, set user_id 27]
[INFO] [Wed Feb 24 17:38:17 2021] [client disconected with socket_fd 45]
[INFO] [Wed Feb 24 19:43:53 2021] [Server up and running]
[FATAL] [Wed Feb 24 19:43:59 2021] [Server CTRL+C]
[INFO] [Wed Feb 24 19:44:00 2021] [Server up and running]
[FATAL] [Wed Feb 24 19:44:02 2021] [Server CTRL+C]
[INFO] [Wed Feb 24 19:44:04 2021] [Server up and running]
[INFO] [Wed Feb 24 19:44:15 2021] [client connected with socket_fd 6]
[INFO] [Wed Feb 24 19:44:22 2021] [client with socket_fd 6, set user_id 27]
[INFO] [Wed Feb 24 19:45:28 2021] [client disconected with socket_fd 6]
[INFO] [Wed Feb 24 19:45:29 2021] [client connected with socket_fd 7]
[INFO] [Wed Feb 24 19:45:35 2021] [client with socket_fd 7, set user_id 27]
[INFO] [Wed Feb 24 19:46:14 2021] [client disconected with socket_fd 7]
[INFO] [Wed Feb 24 19:48:03 2021] [client connected with socket_fd 8]
[INFO] [Wed Feb 24 19:48:09 2021] [client with socket_fd 8, set user_id 27]
[INFO] [Wed Feb 24 19:48:44 2021] [client disconected with socket_fd 8]
[INFO] [Wed Feb 24 19:48:45 2021] [client connected with socket_fd 9]
[INFO] [Wed Feb 24 19:48:50 2021] [client with socket_fd 9, set user_id 27]
[INFO] [Wed Feb 24 19:49:25 2021] [client disconected with socket_fd 9]
[INFO] [Wed Feb 24 19:49:37 2021] [client connected with socket_fd 16]
[INFO] [Wed Feb 24 19:49:37 2021] [client disconected with socket_fd 16]
[INFO] [Wed Feb 24 19:49:40 2021] [client connected with socket_fd 17]
[INFO] [Wed Feb 24 19:49:46 2021] [client with socket_fd 17, set user_id 27]
[INFO] [Wed Feb 24 19:49:52 2021] [client disconected with socket_fd 17]
[INFO] [Wed Feb 24 19:51:12 2021] [client connected with socket_fd 18]
[INFO] [Wed Feb 24 19:51:17 2021] [client with socket_fd 18, set user_id 27]
[INFO] [Wed Feb 24 19:52:22 2021] [client disconected with socket_fd 18]
[INFO] [Wed Feb 24 19:52:26 2021] [client connected with socket_fd 19]
[INFO] [Wed Feb 24 19:52:30 2021] [client disconected with socket_fd 19]
[INFO] [Wed Feb 24 19:52:31 2021] [client connected with socket_fd 20]
[INFO] [Wed Feb 24 19:52:37 2021] [client with socket_fd 20, set user_id 27]
[INFO] [Wed Feb 24 19:53:03 2021] [client disconected with socket_fd 20]
[INFO] [Wed Feb 24 19:53:07 2021] [client connected with socket_fd 21]
[INFO] [Wed Feb 24 19:53:14 2021] [client with socket_fd 21, set user_id 27]
[INFO] [Wed Feb 24 19:55:04 2021] [client disconected with socket_fd 21]
[INFO] [Wed Feb 24 20:00:02 2021] [client connected with socket_fd 22]
[INFO] [Wed Feb 24 20:00:09 2021] [client with socket_fd 22, set user_id 27]
[INFO] [Wed Feb 24 20:00:23 2021] [client disconected with socket_fd 22]
[INFO] [Wed Feb 24 20:00:29 2021] [client connected with socket_fd 23]
[INFO] [Wed Feb 24 20:00:35 2021] [client with socket_fd 23, set user_id 27]
[INFO] [Wed Feb 24 20:00:59 2021] [client disconected with socket_fd 23]
[INFO] [Wed Feb 24 20:01:00 2021] [client connected with socket_fd 24]
[INFO] [Wed Feb 24 20:01:05 2021] [client with socket_fd 24, set user_id 27]
[INFO] [Wed Feb 24 20:01:12 2021] [client disconected with socket_fd 24]
[INFO] [Wed Feb 24 20:01:36 2021] [client connected with socket_fd 27]
[INFO] [Wed Feb 24 20:01:40 2021] [client with socket_fd 27, set user_id 27]
[INFO] [Wed Feb 24 20:02:23 2021] [client disconected with socket_fd 27]
[INFO] [Wed Feb 24 20:03:30 2021] [client connected with socket_fd 28]
[INFO] [Wed Feb 24 20:03:36 2021] [client with socket_fd 28, set user_id 27]
[INFO] [Wed Feb 24 20:03:45 2021] [client disconected with socket_fd 28]
[INFO] [Wed Feb 24 20:05:53 2021] [client connected with socket_fd 29]
[INFO] [Wed Feb 24 20:06:11 2021] [client with socket_fd 29, set user_id 27]
[INFO] [Wed Feb 24 20:09:47 2021] [client disconected with socket_fd 29]
[INFO] [Wed Feb 24 20:09:48 2021] [client connected with socket_fd 30]
[INFO] [Wed Feb 24 20:09:50 2021] [client disconected with socket_fd 30]
[INFO] [Wed Feb 24 20:09:53 2021] [client connected with socket_fd 31]
[INFO] [Wed Feb 24 20:09:58 2021] [client with socket_fd 31, set user_id 27]
[INFO] [Wed Feb 24 20:10:14 2021] [client disconected with socket_fd 31]
[INFO] [Wed Feb 24 20:10:43 2021] [client connected with socket_fd 32]
[INFO] [Wed Feb 24 20:10:49 2021] [client with socket_fd 32, set user_id 27]
[INFO] [Wed Feb 24 20:11:05 2021] [client disconected with socket_fd 32]
[INFO] [Wed Feb 24 20:13:39 2021] [client connected with socket_fd 33]
[INFO] [Wed Feb 24 20:13:44 2021] [client with socket_fd 33, set user_id 27]
[INFO] [Wed Feb 24 20:14:15 2021] [client disconected with socket_fd 33]
[INFO] [Wed Feb 24 20:14:59 2021] [client connected with socket_fd 34]
[INFO] [Wed Feb 24 20:15:03 2021] [client with socket_fd 34, set user_id 27]
[INFO] [Wed Feb 24 20:16:10 2021] [client disconected with socket_fd 34]
[INFO] [Wed Feb 24 20:16:56 2021] [client connected with socket_fd 35]
[INFO] [Wed Feb 24 20:17:02 2021] [client with socket_fd 35, set user_id 27]
[INFO] [Wed Feb 24 20:17:56 2021] [client disconected with socket_fd 35]
[INFO] [Wed Feb 24 20:22:01 2021] [client connected with socket_fd 36]
[INFO] [Wed Feb 24 20:22:06 2021] [client with socket_fd 36, set user_id 27]
[INFO] [Wed Feb 24 20:22:52 2021] [client disconected with socket_fd 36]
[INFO] [Wed Feb 24 20:22:54 2021] [client connected with socket_fd 37]
[INFO] [Wed Feb 24 20:22:58 2021] [client with socket_fd 37, set user_id 27]
[INFO] [Wed Feb 24 20:23:18 2021] [client disconected with socket_fd 37]
[INFO] [Wed Feb 24 20:23:19 2021] [client connected with socket_fd 38]
[INFO] [Wed Feb 24 20:23:24 2021] [client with socket_fd 38, set user_id 27]
[INFO] [Wed Feb 24 20:25:36 2021] [client disconected with socket_fd 38]
[INFO] [Wed Feb 24 20:27:00 2021] [client connected with socket_fd 39]
[INFO] [Wed Feb 24 20:27:05 2021] [client with socket_fd 39, set user_id 27]
[INFO] [Wed Feb 24 20:29:46 2021] [client disconected with socket_fd 39]
[INFO] [Wed Feb 24 20:30:24 2021] [client connected with socket_fd 40]
[INFO] [Wed Feb 24 20:30:25 2021] [client disconected with socket_fd 40]
[INFO] [Wed Feb 24 20:30:27 2021] [client connected with socket_fd 41]
[INFO] [Wed Feb 24 20:30:32 2021] [client with socket_fd 41, set user_id 27]
[INFO] [Wed Feb 24 20:30:40 2021] [client disconected with socket_fd 41]
[INFO] [Wed Feb 24 20:31:31 2021] [client connected with socket_fd 42]
[INFO] [Wed Feb 24 20:31:36 2021] [client with socket_fd 42, set user_id 27]
[INFO] [Wed Feb 24 20:47:04 2021] [client disconected with socket_fd 42]
[INFO] [Wed Feb 24 21:05:16 2021] [client connected with socket_fd 43]
[INFO] [Wed Feb 24 21:05:22 2021] [client with socket_fd 43, set user_id 27]
[INFO] [Wed Feb 24 21:08:43 2021] [client disconected with socket_fd 43]
[INFO] [Wed Feb 24 21:12:19 2021] [client connected with socket_fd 44]
[INFO] [Wed Feb 24 21:12:28 2021] [client with socket_fd 44, set user_id 27]
[INFO] [Wed Feb 24 21:22:29 2021] [client disconected with socket_fd 44]
[INFO] [Wed Feb 24 21:26:00 2021] [client connected with socket_fd 45]
[INFO] [Wed Feb 24 21:26:12 2021] [client with socket_fd 45, set user_id 27]
[INFO] [Wed Feb 24 21:27:29 2021] [client disconected with socket_fd 45]
[INFO] [Wed Feb 24 21:27:30 2021] [client connected with socket_fd 46]
[INFO] [Wed Feb 24 21:27:39 2021] [client with socket_fd 46, set user_id 27]
[INFO] [Wed Feb 24 21:27:47 2021] [client disconected with socket_fd 46]
[INFO] [Wed Feb 24 21:27:51 2021] [client connected with socket_fd 47]
[INFO] [Wed Feb 24 21:28:01 2021] [client disconected with socket_fd 47]
[INFO] [Wed Feb 24 21:28:03 2021] [client connected with socket_fd 48]
[INFO] [Wed Feb 24 21:28:08 2021] [client with socket_fd 48, set user_id 27]
[INFO] [Wed Feb 24 21:28:43 2021] [client disconected with socket_fd 48]
[INFO] [Wed Feb 24 21:28:48 2021] [client connected with socket_fd 49]
[INFO] [Wed Feb 24 21:28:54 2021] [client with socket_fd 49, set user_id 27]
[INFO] [Wed Feb 24 21:29:06 2021] [client disconected with socket_fd 49]
[INFO] [Wed Feb 24 21:29:06 2021] [client connected with socket_fd 50]
[INFO] [Wed Feb 24 21:29:12 2021] [client with socket_fd 50, set user_id 27]
[INFO] [Wed Feb 24 21:29:50 2021] [client disconected with socket_fd 50]
[INFO] [Wed Feb 24 21:29:51 2021] [client connected with socket_fd 51]
[INFO] [Wed Feb 24 21:29:57 2021] [client with socket_fd 51, set user_id 27]
[INFO] [Wed Feb 24 21:30:02 2021] [client disconected with socket_fd 51]
[INFO] [Wed Feb 24 21:30:17 2021] [client connected with socket_fd 52]
[INFO] [Wed Feb 24 21:30:26 2021] [client with socket_fd 52, set user_id 27]
[INFO] [Wed Feb 24 21:30:49 2021] [client disconected with socket_fd 52]
[INFO] [Wed Feb 24 21:30:59 2021] [client connected with socket_fd 53]
[INFO] [Wed Feb 24 21:31:05 2021] [client with socket_fd 53, set user_id 27]
[INFO] [Wed Feb 24 21:31:47 2021] [client disconected with socket_fd 53]
[INFO] [Wed Feb 24 21:31:48 2021] [client connected with socket_fd 54]
[INFO] [Wed Feb 24 21:31:52 2021] [client with socket_fd 54, set user_id 27]
[INFO] [Wed Feb 24 21:32:20 2021] [client disconected with socket_fd 54]
[INFO] [Wed Feb 24 21:32:41 2021] [client connected with socket_fd 55]
[INFO] [Wed Feb 24 21:32:47 2021] [client with socket_fd 55, set user_id 27]
[INFO] [Wed Feb 24 21:33:29 2021] [client disconected with socket_fd 55]
[INFO] [Wed Feb 24 21:33:32 2021] [client connected with socket_fd 56]
[INFO] [Wed Feb 24 21:33:38 2021] [client with socket_fd 56, set user_id 27]
[INFO] [Wed Feb 24 21:34:12 2021] [client disconected with socket_fd 56]
[INFO] [Wed Feb 24 21:34:14 2021] [client connected with socket_fd 57]
[INFO] [Wed Feb 24 21:34:19 2021] [client with socket_fd 57, set user_id 27]
[INFO] [Wed Feb 24 21:34:42 2021] [client disconected with socket_fd 57]
[INFO] [Wed Feb 24 21:34:43 2021] [client connected with socket_fd 58]
[INFO] [Wed Feb 24 21:34:47 2021] [client with socket_fd 58, set user_id 27]
[INFO] [Wed Feb 24 21:35:08 2021] [client disconected with socket_fd 58]
[INFO] [Wed Feb 24 21:35:09 2021] [client connected with socket_fd 59]
[INFO] [Wed Feb 24 21:35:13 2021] [client with socket_fd 59, set user_id 27]
[INFO] [Wed Feb 24 21:35:40 2021] [client disconected with socket_fd 59]
[INFO] [Wed Feb 24 21:35:40 2021] [client connected with socket_fd 60]
[INFO] [Wed Feb 24 21:35:45 2021] [client with socket_fd 60, set user_id 27]
[INFO] [Wed Feb 24 21:36:54 2021] [client disconected with socket_fd 60]
[INFO] [Wed Feb 24 21:36:55 2021] [client connected with socket_fd 61]
[INFO] [Wed Feb 24 21:37:01 2021] [client with socket_fd 61, set user_id 27]
[INFO] [Wed Feb 24 21:37:09 2021] [client disconected with socket_fd 61]
[INFO] [Wed Feb 24 21:37:09 2021] [client connected with socket_fd 62]
[INFO] [Wed Feb 24 21:37:15 2021] [client with socket_fd 62, set user_id 27]
[INFO] [Wed Feb 24 21:37:42 2021] [client disconected with socket_fd 62]
[INFO] [Wed Feb 24 21:37:43 2021] [client connected with socket_fd 63]
[INFO] [Wed Feb 24 21:37:47 2021] [client with socket_fd 63, set user_id 27]
[INFO] [Wed Feb 24 21:38:13 2021] [client disconected with socket_fd 63]
[INFO] [Wed Feb 24 21:38:13 2021] [client connected with socket_fd 64]
[INFO] [Wed Feb 24 21:38:19 2021] [client with socket_fd 64, set user_id 27]
[INFO] [Wed Feb 24 21:38:24 2021] [client disconected with socket_fd 64]
[INFO] [Thu Feb 25 11:25:28 2021] [Server up and running]
[INFO] [Thu Feb 25 11:26:27 2021] [client connected with socket_fd 6]
[INFO] [Thu Feb 25 11:26:33 2021] [client with socket_fd 6, set user_id 27]
[INFO] [Thu Feb 25 11:29:01 2021] [client disconected with socket_fd 6]
[INFO] [Thu Feb 25 11:30:00 2021] [client connected with socket_fd 7]
[INFO] [Thu Feb 25 11:30:06 2021] [client with socket_fd 7, set user_id 27]
[INFO] [Thu Feb 25 11:32:11 2021] [client disconected with socket_fd 7]
[INFO] [Thu Feb 25 11:35:53 2021] [client connected with socket_fd 8]
[INFO] [Thu Feb 25 11:36:01 2021] [client with socket_fd 8, set user_id 27]
[INFO] [Thu Feb 25 11:37:44 2021] [client disconected with socket_fd 8]
[INFO] [Thu Feb 25 11:39:37 2021] [client connected with socket_fd 9]
[INFO] [Thu Feb 25 11:39:44 2021] [client with socket_fd 9, set user_id 27]
[INFO] [Thu Feb 25 11:40:39 2021] [client disconected with socket_fd 9]
[INFO] [Thu Feb 25 11:41:43 2021] [client connected with socket_fd 16]
[INFO] [Thu Feb 25 11:41:48 2021] [client with socket_fd 16, set user_id 27]
[INFO] [Thu Feb 25 11:53:45 2021] [client disconected with socket_fd 16]
[INFO] [Thu Feb 25 11:55:24 2021] [client connected with socket_fd 17]
[INFO] [Thu Feb 25 11:55:30 2021] [client with socket_fd 17, set user_id 27]
[INFO] [Thu Feb 25 11:55:46 2021] [client disconected with socket_fd 17]
[INFO] [Thu Feb 25 11:56:58 2021] [client connected with socket_fd 18]
[INFO] [Thu Feb 25 11:57:04 2021] [client with socket_fd 18, set user_id 27]
[INFO] [Thu Feb 25 11:57:11 2021] [client disconected with socket_fd 18]
[INFO] [Thu Feb 25 11:58:06 2021] [client connected with socket_fd 19]
[INFO] [Thu Feb 25 11:58:36 2021] [client disconected with socket_fd 19]
[INFO] [Thu Feb 25 11:58:40 2021] [client connected with socket_fd 20]
[INFO] [Thu Feb 25 11:58:46 2021] [client with socket_fd 20, set user_id 27]
[INFO] [Thu Feb 25 11:58:55 2021] [client disconected with socket_fd 20]
[INFO] [Thu Feb 25 11:58:56 2021] [client connected with socket_fd 21]
[INFO] [Thu Feb 25 11:59:01 2021] [client with socket_fd 21, set user_id 27]
[INFO] [Thu Feb 25 11:59:55 2021] [client disconected with socket_fd 21]
[INFO] [Thu Feb 25 11:59:58 2021] [client connected with socket_fd 22]
[INFO] [Thu Feb 25 12:00:02 2021] [client with socket_fd 22, set user_id 27]
[INFO] [Thu Feb 25 12:00:33 2021] [client disconected with socket_fd 22]
[INFO] [Thu Feb 25 12:05:43 2021] [client connected with socket_fd 23]
[INFO] [Thu Feb 25 12:05:48 2021] [client with socket_fd 23, set user_id 27]
[INFO] [Thu Feb 25 12:06:37 2021] [client disconected with socket_fd 23]
[INFO] [Thu Feb 25 12:06:50 2021] [client connected with socket_fd 24]
[INFO] [Thu Feb 25 12:06:52 2021] [client disconected with socket_fd 24]
[INFO] [Thu Feb 25 12:08:18 2021] [client connected with socket_fd 27]
[INFO] [Thu Feb 25 12:08:22 2021] [client with socket_fd 27, set user_id 27]
[INFO] [Thu Feb 25 12:08:54 2021] [client disconected with socket_fd 27]
[INFO] [Thu Feb 25 12:10:46 2021] [client connected with socket_fd 28]
[INFO] [Thu Feb 25 12:10:52 2021] [client with socket_fd 28, set user_id 27]
[INFO] [Thu Feb 25 12:14:13 2021] [client disconected with socket_fd 28]
[INFO] [Thu Feb 25 12:14:17 2021] [client connected with socket_fd 29]
[INFO] [Thu Feb 25 12:14:22 2021] [client with socket_fd 29, set user_id 27]
[INFO] [Thu Feb 25 12:15:37 2021] [client disconected with socket_fd 29]
[INFO] [Thu Feb 25 12:15:40 2021] [client connected with socket_fd 30]
[INFO] [Thu Feb 25 12:15:45 2021] [client with socket_fd 30, set user_id 27]
[INFO] [Thu Feb 25 12:18:14 2021] [client disconected with socket_fd 30]
[INFO] [Thu Feb 25 12:18:18 2021] [client connected with socket_fd 31]
[INFO] [Thu Feb 25 12:18:24 2021] [client with socket_fd 31, set user_id 27]
[INFO] [Thu Feb 25 12:20:03 2021] [client disconected with socket_fd 31]
[INFO] [Thu Feb 25 12:20:05 2021] [client connected with socket_fd 32]
[INFO] [Thu Feb 25 12:20:10 2021] [client with socket_fd 32, set user_id 27]
[INFO] [Thu Feb 25 12:20:22 2021] [client disconected with socket_fd 32]
[INFO] [Thu Feb 25 12:20:23 2021] [client connected with socket_fd 33]
[INFO] [Thu Feb 25 12:20:27 2021] [client with socket_fd 33, set user_id 27]
[INFO] [Thu Feb 25 12:20:36 2021] [client disconected with socket_fd 33]
[INFO] [Thu Feb 25 12:20:37 2021] [client connected with socket_fd 34]
[INFO] [Thu Feb 25 12:20:42 2021] [client with socket_fd 34, set user_id 27]
[INFO] [Thu Feb 25 12:21:42 2021] [client disconected with socket_fd 34]
[INFO] [Thu Feb 25 12:21:43 2021] [client connected with socket_fd 35]
[INFO] [Thu Feb 25 12:21:48 2021] [client with socket_fd 35, set user_id 27]
[INFO] [Thu Feb 25 12:22:06 2021] [client disconected with socket_fd 35]
[INFO] [Thu Feb 25 12:22:07 2021] [client connected with socket_fd 36]
[INFO] [Thu Feb 25 12:22:11 2021] [client with socket_fd 36, set user_id 27]
[INFO] [Thu Feb 25 12:22:24 2021] [client disconected with socket_fd 36]
[INFO] [Thu Feb 25 12:22:26 2021] [client connected with socket_fd 37]
[INFO] [Thu Feb 25 12:22:32 2021] [client with socket_fd 37, set user_id 27]
[INFO] [Thu Feb 25 12:23:59 2021] [client disconected with socket_fd 37]
[INFO] [Thu Feb 25 12:24:13 2021] [client connected with socket_fd 38]
[INFO] [Thu Feb 25 12:24:20 2021] [client with socket_fd 38, set user_id 27]
[INFO] [Thu Feb 25 12:24:28 2021] [client disconected with socket_fd 38]
[INFO] [Thu Feb 25 12:24:34 2021] [client connected with socket_fd 39]
[INFO] [Thu Feb 25 12:24:51 2021] [client with socket_fd 39, set user_id 27]
[INFO] [Thu Feb 25 12:25:10 2021] [client disconected with socket_fd 39]
[INFO] [Thu Feb 25 12:25:11 2021] [client connected with socket_fd 40]
[INFO] [Thu Feb 25 12:25:16 2021] [client with socket_fd 40, set user_id 27]
[INFO] [Thu Feb 25 12:26:07 2021] [client disconected with socket_fd 40]
[INFO] [Thu Feb 25 12:26:08 2021] [client connected with socket_fd 41]
[INFO] [Thu Feb 25 12:26:14 2021] [client with socket_fd 41, set user_id 27]
[INFO] [Thu Feb 25 12:26:26 2021] [client disconected with socket_fd 41]
[INFO] [Thu Feb 25 12:26:27 2021] [client connected with socket_fd 42]
[INFO] [Thu Feb 25 12:26:32 2021] [client with socket_fd 42, set user_id 27]
[INFO] [Thu Feb 25 12:26:44 2021] [client disconected with socket_fd 42]
[INFO] [Thu Feb 25 12:26:45 2021] [client connected with socket_fd 43]
[INFO] [Thu Feb 25 12:26:50 2021] [client with socket_fd 43, set user_id 27]
[INFO] [Thu Feb 25 12:26:57 2021] [client disconected with socket_fd 43]
[INFO] [Thu Feb 25 12:28:25 2021] [client connected with socket_fd 44]
[INFO] [Thu Feb 25 12:28:30 2021] [client with socket_fd 44, set user_id 27]
[INFO] [Thu Feb 25 12:29:02 2021] [client disconected with socket_fd 44]
[INFO] [Thu Feb 25 12:29:03 2021] [client connected with socket_fd 45]
[INFO] [Thu Feb 25 12:29:07 2021] [client with socket_fd 45, set user_id 27]
[INFO] [Thu Feb 25 12:33:07 2021] [client disconected with socket_fd 45]
[INFO] [Thu Feb 25 12:33:08 2021] [client connected with socket_fd 46]
[INFO] [Thu Feb 25 12:33:17 2021] [client with socket_fd 46, set user_id 27]
[INFO] [Thu Feb 25 12:33:52 2021] [client disconected with socket_fd 46]
[INFO] [Thu Feb 25 12:33:53 2021] [client connected with socket_fd 47]
[INFO] [Thu Feb 25 12:33:58 2021] [client with socket_fd 47, set user_id 27]
[INFO] [Thu Feb 25 12:34:25 2021] [client disconected with socket_fd 47]
[INFO] [Thu Feb 25 12:34:27 2021] [client connected with socket_fd 48]
[INFO] [Thu Feb 25 12:34:33 2021] [client with socket_fd 48, set user_id 27]
[INFO] [Thu Feb 25 12:34:45 2021] [client disconected with socket_fd 48]
[INFO] [Thu Feb 25 12:34:46 2021] [client connected with socket_fd 49]
[INFO] [Thu Feb 25 12:34:52 2021] [client with socket_fd 49, set user_id 27]
[INFO] [Thu Feb 25 12:35:25 2021] [client disconected with socket_fd 49]
[INFO] [Thu Feb 25 12:35:26 2021] [client connected with socket_fd 50]
[INFO] [Thu Feb 25 12:35:33 2021] [client with socket_fd 50, set user_id 27]
[INFO] [Thu Feb 25 12:35:50 2021] [client disconected with socket_fd 50]
[INFO] [Thu Feb 25 12:35:50 2021] [client connected with socket_fd 51]
[INFO] [Thu Feb 25 12:36:07 2021] [client with socket_fd 51, set user_id 27]
[INFO] [Thu Feb 25 12:36:39 2021] [client disconected with socket_fd 51]
[INFO] [Thu Feb 25 12:36:40 2021] [client connected with socket_fd 52]
[INFO] [Thu Feb 25 12:36:44 2021] [client with socket_fd 52, set user_id 27]
[INFO] [Thu Feb 25 12:38:54 2021] [client disconected with socket_fd 52]
[INFO] [Thu Feb 25 12:38:54 2021] [client connected with socket_fd 53]
[INFO] [Thu Feb 25 12:39:00 2021] [client with socket_fd 53, set user_id 27]
[INFO] [Thu Feb 25 12:40:22 2021] [client disconected with socket_fd 53]
[INFO] [Thu Feb 25 12:40:22 2021] [client connected with socket_fd 54]
[INFO] [Thu Feb 25 12:41:13 2021] [client disconected with socket_fd 54]
[INFO] [Thu Feb 25 12:41:14 2021] [client connected with socket_fd 55]
[INFO] [Thu Feb 25 12:41:18 2021] [client with socket_fd 55, set user_id 27]
[INFO] [Thu Feb 25 12:41:28 2021] [client disconected with socket_fd 55]
[INFO] [Thu Feb 25 12:41:29 2021] [client connected with socket_fd 56]
[INFO] [Thu Feb 25 12:41:35 2021] [client with socket_fd 56, set user_id 27]
[INFO] [Thu Feb 25 12:41:49 2021] [client disconected with socket_fd 56]
[INFO] [Thu Feb 25 12:41:50 2021] [client connected with socket_fd 57]
[INFO] [Thu Feb 25 12:41:55 2021] [client with socket_fd 57, set user_id 27]
[INFO] [Thu Feb 25 12:42:14 2021] [client disconected with socket_fd 57]
[INFO] [Thu Feb 25 12:42:15 2021] [client connected with socket_fd 58]
[INFO] [Thu Feb 25 12:42:19 2021] [client with socket_fd 58, set user_id 27]
[INFO] [Thu Feb 25 12:45:13 2021] [client disconected with socket_fd 58]
[INFO] [Thu Feb 25 12:48:33 2021] [client connected with socket_fd 59]
[INFO] [Thu Feb 25 12:48:41 2021] [client with socket_fd 59, set user_id 27]
[INFO] [Thu Feb 25 12:49:01 2021] [client disconected with socket_fd 59]
[INFO] [Thu Feb 25 12:49:01 2021] [client connected with socket_fd 60]
[INFO] [Thu Feb 25 12:49:06 2021] [client with socket_fd 60, set user_id 27]
[INFO] [Thu Feb 25 12:49:30 2021] [client disconected with socket_fd 60]
[INFO] [Thu Feb 25 12:49:31 2021] [client connected with socket_fd 61]
[INFO] [Thu Feb 25 12:49:37 2021] [client with socket_fd 61, set user_id 27]
[INFO] [Thu Feb 25 12:50:00 2021] [client disconected with socket_fd 61]
[INFO] [Thu Feb 25 12:50:00 2021] [client connected with socket_fd 62]
[INFO] [Thu Feb 25 12:50:06 2021] [client with socket_fd 62, set user_id 27]
[INFO] [Thu Feb 25 12:50:17 2021] [client disconected with socket_fd 62]
[INFO] [Thu Feb 25 12:50:24 2021] [client connected with socket_fd 63]
[INFO] [Thu Feb 25 12:50:31 2021] [client with socket_fd 63, set user_id 27]
[INFO] [Thu Feb 25 12:50:53 2021] [client disconected with socket_fd 63]
[INFO] [Thu Feb 25 12:51:28 2021] [client connected with socket_fd 64]
[INFO] [Thu Feb 25 12:51:40 2021] [client with socket_fd 64, set user_id 27]
[INFO] [Thu Feb 25 12:52:23 2021] [client disconected with socket_fd 64]
[INFO] [Thu Feb 25 12:52:23 2021] [client connected with socket_fd 65]
[INFO] [Thu Feb 25 12:52:29 2021] [client with socket_fd 65, set user_id 27]
[INFO] [Thu Feb 25 12:53:38 2021] [client disconected with socket_fd 65]
[INFO] [Thu Feb 25 12:53:38 2021] [client connected with socket_fd 66]
[INFO] [Thu Feb 25 12:53:44 2021] [client with socket_fd 66, set user_id 27]
[INFO] [Thu Feb 25 12:54:17 2021] [client disconected with socket_fd 66]
[INFO] [Thu Feb 25 12:54:18 2021] [client connected with socket_fd 67]
[INFO] [Thu Feb 25 12:54:24 2021] [client with socket_fd 67, set user_id 27]
[INFO] [Thu Feb 25 12:55:22 2021] [client disconected with socket_fd 67]
[INFO] [Thu Feb 25 12:55:23 2021] [client connected with socket_fd 68]
[INFO] [Thu Feb 25 12:55:30 2021] [client with socket_fd 68, set user_id 27]
[INFO] [Thu Feb 25 12:55:34 2021] [client disconected with socket_fd 68]
[INFO] [Thu Feb 25 12:56:30 2021] [client connected with socket_fd 69]
[INFO] [Thu Feb 25 12:56:35 2021] [client with socket_fd 69, set user_id 27]
[INFO] [Thu Feb 25 12:56:44 2021] [client disconected with socket_fd 69]
[INFO] [Thu Feb 25 12:56:45 2021] [client connected with socket_fd 70]
[INFO] [Thu Feb 25 12:56:50 2021] [client with socket_fd 70, set user_id 27]
[INFO] [Thu Feb 25 14:31:12 2021] [Server up and running]
[INFO] [Thu Feb 25 14:31:20 2021] [client connected with socket_fd 6]
[INFO] [Thu Feb 25 14:31:25 2021] [client with socket_fd 6, set user_id 27]
[INFO] [Thu Feb 25 14:31:56 2021] [client disconected with socket_fd 6]
[INFO] [Thu Feb 25 14:33:31 2021] [client connected with socket_fd 7]
[INFO] [Thu Feb 25 14:33:36 2021] [client with socket_fd 7, set user_id 27]
[INFO] [Thu Feb 25 14:36:09 2021] [client disconected with socket_fd 7]
[INFO] [Thu Feb 25 14:36:12 2021] [client connected with socket_fd 8]
[INFO] [Thu Feb 25 14:36:17 2021] [client with socket_fd 8, set user_id 27]
[INFO] [Thu Feb 25 14:37:33 2021] [client disconected with socket_fd 8]
[INFO] [Thu Feb 25 14:37:35 2021] [client connected with socket_fd 9]
[INFO] [Thu Feb 25 14:37:40 2021] [client with socket_fd 9, set user_id 27]
[INFO] [Thu Feb 25 14:39:06 2021] [client disconected with socket_fd 9]
[INFO] [Thu Feb 25 14:39:07 2021] [client connected with socket_fd 16]
[INFO] [Thu Feb 25 14:39:12 2021] [client with socket_fd 16, set user_id 27]
[INFO] [Thu Feb 25 14:40:04 2021] [client disconected with socket_fd 16]
[INFO] [Thu Feb 25 14:40:05 2021] [client connected with socket_fd 17]
[INFO] [Thu Feb 25 14:40:10 2021] [client with socket_fd 17, set user_id 27]
[INFO] [Thu Feb 25 14:40:18 2021] [client disconected with socket_fd 17]
[INFO] [Thu Feb 25 14:40:26 2021] [client connected with socket_fd 18]
[INFO] [Thu Feb 25 14:40:32 2021] [client with socket_fd 18, set user_id 27]
[INFO] [Thu Feb 25 14:40:37 2021] [client disconected with socket_fd 18]
[INFO] [Thu Feb 25 14:40:49 2021] [client connected with socket_fd 19]
[INFO] [Thu Feb 25 14:40:54 2021] [client with socket_fd 19, set user_id 27]
[INFO] [Thu Feb 25 14:41:33 2021] [client disconected with socket_fd 19]
[INFO] [Thu Feb 25 14:41:34 2021] [client connected with socket_fd 20]
[INFO] [Thu Feb 25 14:41:39 2021] [client with socket_fd 20, set user_id 27]
[INFO] [Thu Feb 25 14:44:31 2021] [client disconected with socket_fd 20]
[INFO] [Thu Feb 25 14:44:32 2021] [client connected with socket_fd 21]
[INFO] [Thu Feb 25 14:44:40 2021] [client with socket_fd 21, set user_id 27]
[INFO] [Thu Feb 25 14:44:57 2021] [client disconected with socket_fd 21]
[INFO] [Thu Feb 25 14:44:58 2021] [client connected with socket_fd 22]
[INFO] [Thu Feb 25 14:45:04 2021] [client with socket_fd 22, set user_id 27]
[INFO] [Thu Feb 25 14:45:58 2021] [client disconected with socket_fd 22]
[INFO] [Thu Feb 25 14:46:01 2021] [client connected with socket_fd 23]
[INFO] [Thu Feb 25 14:46:06 2021] [client with socket_fd 23, set user_id 27]
[INFO] [Thu Feb 25 14:46:26 2021] [client disconected with socket_fd 23]
[INFO] [Thu Feb 25 14:46:27 2021] [client connected with socket_fd 24]
[INFO] [Thu Feb 25 14:46:33 2021] [client with socket_fd 24, set user_id 27]
[INFO] [Thu Feb 25 14:47:01 2021] [client disconected with socket_fd 24]
[INFO] [Thu Feb 25 14:48:35 2021] [client connected with socket_fd 27]
[INFO] [Thu Feb 25 14:48:41 2021] [client with socket_fd 27, set user_id 27]
[INFO] [Thu Feb 25 14:49:21 2021] [client disconected with socket_fd 27]
[INFO] [Thu Feb 25 14:49:22 2021] [client connected with socket_fd 28]
[INFO] [Thu Feb 25 14:49:27 2021] [client with socket_fd 28, set user_id 27]
[INFO] [Thu Feb 25 14:49:36 2021] [client disconected with socket_fd 28]
[INFO] [Thu Feb 25 14:49:37 2021] [client connected with socket_fd 29]
[INFO] [Thu Feb 25 14:49:41 2021] [client with socket_fd 29, set user_id 27]
[INFO] [Thu Feb 25 14:51:51 2021] [client disconected with socket_fd 29]
[INFO] [Thu Feb 25 14:51:52 2021] [client connected with socket_fd 30]
[INFO] [Thu Feb 25 14:52:02 2021] [client disconected with socket_fd 30]
[INFO] [Thu Feb 25 14:52:13 2021] [client connected with socket_fd 31]
[INFO] [Thu Feb 25 14:52:19 2021] [client with socket_fd 31, set user_id 27]
[INFO] [Thu Feb 25 14:52:34 2021] [client disconected with socket_fd 31]
[INFO] [Thu Feb 25 14:53:10 2021] [client connected with socket_fd 32]
[INFO] [Thu Feb 25 14:53:15 2021] [client with socket_fd 32, set user_id 27]
[INFO] [Thu Feb 25 14:53:21 2021] [client disconected with socket_fd 32]
[INFO] [Thu Feb 25 14:53:22 2021] [client connected with socket_fd 33]
[INFO] [Thu Feb 25 14:53:27 2021] [client with socket_fd 33, set user_id 27]
[INFO] [Thu Feb 25 14:53:49 2021] [client disconected with socket_fd 33]
[INFO] [Thu Feb 25 14:53:51 2021] [client connected with socket_fd 34]
[INFO] [Thu Feb 25 14:53:56 2021] [client with socket_fd 34, set user_id 27]
[INFO] [Thu Feb 25 14:54:17 2021] [client disconected with socket_fd 34]
[INFO] [Thu Feb 25 14:54:18 2021] [client connected with socket_fd 35]
[INFO] [Thu Feb 25 14:54:23 2021] [client with socket_fd 35, set user_id 27]
[INFO] [Thu Feb 25 14:54:35 2021] [client disconected with socket_fd 35]
[INFO] [Thu Feb 25 14:55:31 2021] [client connected with socket_fd 36]
[INFO] [Thu Feb 25 14:55:36 2021] [client with socket_fd 36, set user_id 27]
[INFO] [Thu Feb 25 14:56:55 2021] [client disconected with socket_fd 36]
[INFO] [Thu Feb 25 14:57:39 2021] [client connected with socket_fd 37]
[INFO] [Thu Feb 25 14:57:44 2021] [client with socket_fd 37, set user_id 27]
[INFO] [Thu Feb 25 14:58:06 2021] [client disconected with socket_fd 37]
[INFO] [Thu Feb 25 14:58:07 2021] [client connected with socket_fd 38]
[INFO] [Thu Feb 25 14:58:12 2021] [client with socket_fd 38, set user_id 27]
[INFO] [Thu Feb 25 14:58:36 2021] [client disconected with socket_fd 38]
[INFO] [Thu Feb 25 14:58:37 2021] [client connected with socket_fd 39]
[INFO] [Thu Feb 25 14:58:43 2021] [client with socket_fd 39, set user_id 27]
[INFO] [Thu Feb 25 15:00:35 2021] [client disconected with socket_fd 39]
[INFO] [Thu Feb 25 15:00:36 2021] [client connected with socket_fd 40]
[INFO] [Thu Feb 25 15:00:43 2021] [client with socket_fd 40, set user_id 27]
[INFO] [Thu Feb 25 15:11:04 2021] [client disconected with socket_fd 40]
[INFO] [Thu Feb 25 15:18:05 2021] [client connected with socket_fd 41]
[INFO] [Thu Feb 25 15:19:29 2021] [client disconected with socket_fd 41]
[INFO] [Thu Feb 25 15:21:25 2021] [client connected with socket_fd 42]
[INFO] [Thu Feb 25 15:21:34 2021] [client with socket_fd 42, set user_id 27]
[INFO] [Thu Feb 25 15:23:05 2021] [client disconected with socket_fd 42]
[INFO] [Thu Feb 25 15:23:06 2021] [client connected with socket_fd 43]
[INFO] [Thu Feb 25 15:23:07 2021] [client disconected with socket_fd 43]
[INFO] [Thu Feb 25 15:23:36 2021] [client connected with socket_fd 44]
[INFO] [Thu Feb 25 15:23:41 2021] [client with socket_fd 44, set user_id 27]
[INFO] [Thu Feb 25 15:26:08 2021] [client disconected with socket_fd 44]
[INFO] [Thu Feb 25 15:26:13 2021] [client connected with socket_fd 45]
[INFO] [Thu Feb 25 15:26:18 2021] [client with socket_fd 45, set user_id 27]
[INFO] [Thu Feb 25 15:26:19 2021] [client disconected with socket_fd 45]
[INFO] [Thu Feb 25 15:26:39 2021] [client connected with socket_fd 46]
[INFO] [Thu Feb 25 15:26:54 2021] [client with socket_fd 46, set user_id 27]
[INFO] [Thu Feb 25 15:26:54 2021] [client disconected with socket_fd 46]
[INFO] [Thu Feb 25 15:27:09 2021] [client connected with socket_fd 47]
[INFO] [Thu Feb 25 15:27:14 2021] [client with socket_fd 47, set user_id 27]
[INFO] [Thu Feb 25 15:27:14 2021] [client disconected with socket_fd 47]
[INFO] [Thu Feb 25 15:28:47 2021] [client connected with socket_fd 48]
[INFO] [Thu Feb 25 15:28:51 2021] [client with socket_fd 48, set user_id 27]
[INFO] [Thu Feb 25 15:28:52 2021] [client disconected with socket_fd 48]
[INFO] [Thu Feb 25 15:29:38 2021] [client connected with socket_fd 49]
[INFO] [Thu Feb 25 15:29:43 2021] [client with socket_fd 49, set user_id 27]
[INFO] [Thu Feb 25 15:29:43 2021] [client disconected with socket_fd 49]
[INFO] [Thu Feb 25 15:31:01 2021] [client connected with socket_fd 50]
[INFO] [Thu Feb 25 15:31:02 2021] [client disconected with socket_fd 50]
[INFO] [Thu Feb 25 15:31:05 2021] [client connected with socket_fd 51]
[INFO] [Thu Feb 25 15:31:10 2021] [client with socket_fd 51, set user_id 27]
[INFO] [Thu Feb 25 15:31:11 2021] [client disconected with socket_fd 51]
[INFO] [Thu Feb 25 15:33:42 2021] [client connected with socket_fd 52]
[INFO] [Thu Feb 25 15:33:47 2021] [client with socket_fd 52, set user_id 27]
[INFO] [Thu Feb 25 15:33:48 2021] [client disconected with socket_fd 52]
[INFO] [Thu Feb 25 15:34:20 2021] [client connected with socket_fd 53]
[INFO] [Thu Feb 25 15:34:21 2021] [client disconected with socket_fd 53]
[INFO] [Thu Feb 25 15:34:25 2021] [client connected with socket_fd 54]
[INFO] [Thu Feb 25 15:34:30 2021] [client with socket_fd 54, set user_id 27]
[INFO] [Thu Feb 25 15:34:30 2021] [client disconected with socket_fd 54]
[INFO] [Thu Feb 25 15:35:21 2021] [client connected with socket_fd 55]
[INFO] [Thu Feb 25 15:35:26 2021] [client with socket_fd 55, set user_id 27]
[INFO] [Thu Feb 25 15:35:27 2021] [client disconected with socket_fd 55]
[INFO] [Thu Feb 25 15:36:13 2021] [client connected with socket_fd 56]
[INFO] [Thu Feb 25 15:36:18 2021] [client with socket_fd 56, set user_id 27]
[INFO] [Thu Feb 25 15:36:18 2021] [client disconected with socket_fd 56]
[INFO] [Thu Feb 25 15:37:29 2021] [client connected with socket_fd 57]
[INFO] [Thu Feb 25 15:37:34 2021] [client with socket_fd 57, set user_id 27]
[INFO] [Thu Feb 25 15:37:35 2021] [client disconected with socket_fd 57]
[INFO] [Thu Feb 25 15:39:10 2021] [client connected with socket_fd 58]
[INFO] [Thu Feb 25 15:39:16 2021] [client with socket_fd 58, set user_id 27]
[INFO] [Thu Feb 25 15:39:16 2021] [client disconected with socket_fd 58]
[INFO] [Thu Feb 25 15:39:37 2021] [client connected with socket_fd 59]
[INFO] [Thu Feb 25 15:39:42 2021] [client with socket_fd 59, set user_id 27]
[INFO] [Thu Feb 25 15:39:43 2021] [client disconected with socket_fd 59]
[INFO] [Thu Feb 25 15:40:58 2021] [client connected with socket_fd 60]
[INFO] [Thu Feb 25 15:41:04 2021] [client with socket_fd 60, set user_id 27]
[INFO] [Thu Feb 25 15:41:04 2021] [client disconected with socket_fd 60]
[INFO] [Thu Feb 25 15:41:29 2021] [client connected with socket_fd 61]
[INFO] [Thu Feb 25 15:41:35 2021] [client disconected with socket_fd 61]
[INFO] [Thu Feb 25 15:41:42 2021] [client connected with socket_fd 62]
[INFO] [Thu Feb 25 15:41:47 2021] [client with socket_fd 62, set user_id 27]
[INFO] [Thu Feb 25 15:41:47 2021] [client disconected with socket_fd 62]
[INFO] [Thu Feb 25 15:43:35 2021] [client connected with socket_fd 63]
[INFO] [Thu Feb 25 15:44:12 2021] [client disconected with socket_fd 63]
[INFO] [Thu Feb 25 15:44:13 2021] [client connected with socket_fd 64]
[INFO] [Thu Feb 25 15:44:16 2021] [client disconected with socket_fd 64]
[INFO] [Thu Feb 25 15:44:25 2021] [client connected with socket_fd 65]
[INFO] [Thu Feb 25 15:44:30 2021] [client with socket_fd 65, set user_id 27]
[INFO] [Thu Feb 25 15:45:13 2021] [client disconected with socket_fd 65]
[INFO] [Thu Feb 25 15:45:14 2021] [client connected with socket_fd 66]
[INFO] [Thu Feb 25 15:45:15 2021] [client disconected with socket_fd 66]
[INFO] [Thu Feb 25 15:45:21 2021] [client connected with socket_fd 67]
[INFO] [Thu Feb 25 15:45:27 2021] [client with socket_fd 67, set user_id 27]
[INFO] [Thu Feb 25 15:46:37 2021] [client disconected with socket_fd 67]
[INFO] [Thu Feb 25 15:50:33 2021] [client connected with socket_fd 68]
[INFO] [Thu Feb 25 15:50:40 2021] [client with socket_fd 68, set user_id 27]
[INFO] [Thu Feb 25 15:50:51 2021] [client disconected with socket_fd 68]
[INFO] [Thu Feb 25 17:04:31 2021] [Server up and running]
[INFO] [Thu Feb 25 17:04:39 2021] [client connected with socket_fd 6]
[INFO] [Thu Feb 25 17:04:45 2021] [client with socket_fd 6, set user_id 27]
[INFO] [Thu Feb 25 17:10:31 2021] [client disconected with socket_fd 6]
[INFO] [Thu Feb 25 17:40:05 2021] [client connected with socket_fd 7]
[INFO] [Thu Feb 25 17:40:10 2021] [client with socket_fd 7, set user_id 27]
[INFO] [Thu Feb 25 17:40:18 2021] [client disconected with socket_fd 7]
[INFO] [Thu Feb 25 17:40:25 2021] [client connected with socket_fd 8]
[INFO] [Thu Feb 25 17:40:29 2021] [client with socket_fd 8, set user_id 27]
[INFO] [Thu Feb 25 17:40:38 2021] [client disconected with socket_fd 8]
[FATAL] [Thu Feb 25 17:41:13 2021] [Server CTRL+C]
[INFO] [Thu Feb 25 17:41:36 2021] [Server up and running]
[INFO] [Thu Feb 25 17:41:40 2021] [client connected with socket_fd 6]
[INFO] [Thu Feb 25 17:41:46 2021] [client with socket_fd 6, set user_id 27]
[INFO] [Thu Feb 25 17:42:18 2021] [client disconected with socket_fd 6]
[INFO] [Thu Feb 25 17:43:20 2021] [client connected with socket_fd 7]
[INFO] [Thu Feb 25 17:43:25 2021] [client with socket_fd 7, set user_id 27]
[INFO] [Thu Feb 25 17:47:27 2021] [client disconected with socket_fd 7]
[INFO] [Thu Feb 25 17:47:29 2021] [client connected with socket_fd 8]
[INFO] [Thu Feb 25 17:47:34 2021] [client with socket_fd 8, set user_id 27]
[INFO] [Thu Feb 25 17:47:41 2021] [client disconected with socket_fd 8]
[INFO] [Thu Feb 25 17:48:01 2021] [client connected with socket_fd 9]
[INFO] [Thu Feb 25 17:48:07 2021] [client with socket_fd 9, set user_id 27]
[INFO] [Thu Feb 25 17:48:23 2021] [client disconected with socket_fd 9]
[INFO] [Thu Feb 25 17:48:25 2021] [client connected with socket_fd 16]
[INFO] [Thu Feb 25 17:48:30 2021] [client with socket_fd 16, set user_id 27]
[INFO] [Thu Feb 25 17:48:49 2021] [client disconected with socket_fd 16]
[INFO] [Thu Feb 25 17:48:51 2021] [client connected with socket_fd 17]
[INFO] [Thu Feb 25 17:48:56 2021] [client with socket_fd 17, set user_id 27]
[INFO] [Thu Feb 25 17:49:04 2021] [client disconected with socket_fd 17]
[INFO] [Thu Feb 25 17:49:19 2021] [client connected with socket_fd 18]
[INFO] [Thu Feb 25 17:49:24 2021] [client with socket_fd 18, set user_id 27]
[INFO] [Thu Feb 25 17:50:20 2021] [client disconected with socket_fd 18]
[INFO] [Thu Feb 25 17:50:21 2021] [client connected with socket_fd 19]
[INFO] [Thu Feb 25 17:50:26 2021] [client with socket_fd 19, set user_id 27]
[INFO] [Thu Feb 25 17:51:16 2021] [client disconected with socket_fd 19]
[INFO] [Thu Feb 25 17:51:17 2021] [client connected with socket_fd 20]
[INFO] [Thu Feb 25 17:51:23 2021] [client with socket_fd 20, set user_id 27]
[INFO] [Thu Feb 25 17:51:33 2021] [client disconected with socket_fd 20]
[INFO] [Thu Feb 25 17:57:16 2021] [client connected with socket_fd 21]
[INFO] [Thu Feb 25 17:57:21 2021] [client with socket_fd 21, set user_id 27]
[INFO] [Thu Feb 25 17:58:52 2021] [client disconected with socket_fd 21]
[INFO] [Thu Feb 25 17:58:56 2021] [client connected with socket_fd 22]
[INFO] [Thu Feb 25 17:59:00 2021] [client with socket_fd 22, set user_id 27]
[INFO] [Thu Feb 25 18:03:21 2021] [client disconected with socket_fd 22]
[INFO] [Thu Feb 25 18:17:36 2021] [client connected with socket_fd 23]
[INFO] [Thu Feb 25 18:17:41 2021] [client with socket_fd 23, set user_id 27]
[INFO] [Thu Feb 25 18:18:44 2021] [client disconected with socket_fd 23]
[INFO] [Thu Feb 25 18:18:45 2021] [client connected with socket_fd 24]
[INFO] [Thu Feb 25 18:18:51 2021] [client with socket_fd 24, set user_id 27]
[INFO] [Thu Feb 25 18:19:30 2021] [client disconected with socket_fd 24]
[INFO] [Thu Feb 25 18:19:32 2021] [client connected with socket_fd 27]
[INFO] [Thu Feb 25 18:19:38 2021] [client with socket_fd 27, set user_id 27]
[INFO] [Thu Feb 25 18:19:47 2021] [client disconected with socket_fd 27]
[INFO] [Thu Feb 25 18:19:48 2021] [client connected with socket_fd 28]
[INFO] [Thu Feb 25 18:19:54 2021] [client with socket_fd 28, set user_id 27]
[INFO] [Thu Feb 25 18:21:43 2021] [client disconected with socket_fd 28]
[INFO] [Thu Feb 25 18:21:45 2021] [client connected with socket_fd 29]
[INFO] [Thu Feb 25 18:21:57 2021] [client disconected with socket_fd 29]
[INFO] [Thu Feb 25 18:34:14 2021] [client connected with socket_fd 30]
[INFO] [Thu Feb 25 18:34:19 2021] [client with socket_fd 30, set user_id 27]
[INFO] [Thu Feb 25 18:34:20 2021] [client disconected with socket_fd 30]
[INFO] [Thu Feb 25 18:34:27 2021] [client connected with socket_fd 31]
[INFO] [Thu Feb 25 18:34:35 2021] [client with socket_fd 31, set user_id 27]
[INFO] [Thu Feb 25 18:34:35 2021] [client disconected with socket_fd 31]
[INFO] [Thu Feb 25 18:36:00 2021] [client connected with socket_fd 32]
[INFO] [Thu Feb 25 18:36:06 2021] [client with socket_fd 32, set user_id 27]
[INFO] [Thu Feb 25 18:36:06 2021] [client disconected with socket_fd 32]
[INFO] [Thu Feb 25 18:42:14 2021] [Server up and running]
[INFO] [Thu Feb 25 18:42:26 2021] [client connected with socket_fd 6]
[INFO] [Thu Feb 25 18:42:32 2021] [client with socket_fd 6, set user_id 27]
[INFO] [Thu Feb 25 18:42:32 2021] [client disconected with socket_fd 6]
[INFO] [Thu Feb 25 18:42:44 2021] [client connected with socket_fd 7]
[INFO] [Thu Feb 25 18:42:58 2021] [client with socket_fd 7, set user_id 27]
[INFO] [Thu Feb 25 18:59:48 2021] [client disconected with socket_fd 7]
[INFO] [Thu Feb 25 18:59:49 2021] [client connected with socket_fd 8]
[INFO] [Thu Feb 25 19:00:00 2021] [client with socket_fd 8, set user_id 27]
[INFO] [Thu Feb 25 19:00:46 2021] [client disconected with socket_fd 8]
[INFO] [Thu Feb 25 19:00:47 2021] [client connected with socket_fd 9]
[INFO] [Thu Feb 25 19:00:51 2021] [client with socket_fd 9, set user_id 27]
[INFO] [Thu Feb 25 19:00:52 2021] [client disconected with socket_fd 9]
[INFO] [Thu Feb 25 19:07:53 2021] [client connected with socket_fd 16]
[INFO] [Thu Feb 25 19:07:58 2021] [client with socket_fd 16, set user_id 27]
[INFO] [Thu Feb 25 19:11:37 2021] [client disconected with socket_fd 16]
[INFO] [Thu Feb 25 19:11:39 2021] [client connected with socket_fd 17]
[INFO] [Thu Feb 25 19:11:44 2021] [client with socket_fd 17, set user_id 27]
[INFO] [Thu Feb 25 19:14:07 2021] [client disconected with socket_fd 17]
[INFO] [Thu Feb 25 19:14:08 2021] [client connected with socket_fd 18]
[INFO] [Thu Feb 25 19:14:13 2021] [client with socket_fd 18, set user_id 27]
[INFO] [Thu Feb 25 19:15:35 2021] [client disconected with socket_fd 18]
[INFO] [Thu Feb 25 19:15:44 2021] [client connected with socket_fd 19]
[INFO] [Thu Feb 25 19:15:50 2021] [client with socket_fd 19, set user_id 27]
[INFO] [Thu Feb 25 19:17:04 2021] [client disconected with socket_fd 19]
[INFO] [Thu Feb 25 19:17:06 2021] [client connected with socket_fd 20]
[INFO] [Thu Feb 25 19:17:10 2021] [client with socket_fd 20, set user_id 27]
[INFO] [Thu Feb 25 19:22:25 2021] [client disconected with socket_fd 20]
[INFO] [Thu Feb 25 19:22:25 2021] [client connected with socket_fd 21]
[INFO] [Thu Feb 25 19:22:30 2021] [client with socket_fd 21, set user_id 27]
[INFO] [Thu Feb 25 19:22:41 2021] [client disconected with socket_fd 21]
[INFO] [Thu Feb 25 19:22:42 2021] [client connected with socket_fd 22]
[INFO] [Thu Feb 25 19:22:49 2021] [client with socket_fd 22, set user_id 27]
[INFO] [Thu Feb 25 19:26:08 2021] [client disconected with socket_fd 22]
[INFO] [Thu Feb 25 19:26:08 2021] [client connected with socket_fd 23]
[INFO] [Thu Feb 25 19:26:13 2021] [client with socket_fd 23, set user_id 27]
[INFO] [Thu Feb 25 19:31:17 2021] [client disconected with socket_fd 23]
[INFO] [Thu Feb 25 19:31:19 2021] [client connected with socket_fd 24]
[INFO] [Thu Feb 25 19:31:24 2021] [client with socket_fd 24, set user_id 27]
[INFO] [Thu Feb 25 19:37:45 2021] [client disconected with socket_fd 24]
[INFO] [Thu Feb 25 19:37:46 2021] [client connected with socket_fd 27]
[INFO] [Thu Feb 25 19:37:51 2021] [client with socket_fd 27, set user_id 27]
[INFO] [Thu Feb 25 19:38:36 2021] [client disconected with socket_fd 27]
[INFO] [Thu Feb 25 19:38:37 2021] [client connected with socket_fd 28]
[INFO] [Thu Feb 25 19:38:43 2021] [client with socket_fd 28, set user_id 27]
[INFO] [Thu Feb 25 19:39:05 2021] [client disconected with socket_fd 28]
[INFO] [Thu Feb 25 19:39:06 2021] [client connected with socket_fd 29]
[INFO] [Thu Feb 25 19:39:12 2021] [client with socket_fd 29, set user_id 27]
[INFO] [Thu Feb 25 19:39:46 2021] [client disconected with socket_fd 29]
[INFO] [Thu Feb 25 19:39:48 2021] [client connected with socket_fd 30]
[INFO] [Thu Feb 25 19:39:53 2021] [client with socket_fd 30, set user_id 27]
[INFO] [Thu Feb 25 19:41:28 2021] [client disconected with socket_fd 30]
[INFO] [Thu Feb 25 19:41:28 2021] [client connected with socket_fd 31]
[INFO] [Thu Feb 25 19:41:33 2021] [client with socket_fd 31, set user_id 27]
[INFO] [Thu Feb 25 19:41:58 2021] [client disconected with socket_fd 31]
[INFO] [Thu Feb 25 19:41:58 2021] [client connected with socket_fd 32]
[INFO] [Thu Feb 25 19:42:03 2021] [client with socket_fd 32, set user_id 27]
[INFO] [Thu Feb 25 19:44:26 2021] [client disconected with socket_fd 32]
[INFO] [Thu Feb 25 19:44:26 2021] [client connected with socket_fd 33]
[INFO] [Thu Feb 25 19:44:36 2021] [client with socket_fd 33, set user_id 27]
[INFO] [Thu Feb 25 19:45:01 2021] [client disconected with socket_fd 33]
[INFO] [Thu Feb 25 19:45:02 2021] [client connected with socket_fd 34]
[INFO] [Thu Feb 25 19:45:07 2021] [client with socket_fd 34, set user_id 27]
[INFO] [Thu Feb 25 19:47:07 2021] [client disconected with socket_fd 34]
[INFO] [Thu Feb 25 19:47:08 2021] [client connected with socket_fd 35]
[INFO] [Thu Feb 25 19:47:14 2021] [client with socket_fd 35, set user_id 27]
[INFO] [Thu Feb 25 19:47:20 2021] [client disconected with socket_fd 35]
[INFO] [Thu Feb 25 19:47:35 2021] [client connected with socket_fd 36]
[INFO] [Thu Feb 25 19:47:40 2021] [client with socket_fd 36, set user_id 27]
[INFO] [Thu Feb 25 19:48:47 2021] [client disconected with socket_fd 36]
[INFO] [Thu Feb 25 19:48:47 2021] [client connected with socket_fd 37]
[INFO] [Thu Feb 25 19:48:54 2021] [client with socket_fd 37, set user_id 27]
[INFO] [Thu Feb 25 19:49:09 2021] [client disconected with socket_fd 37]
[INFO] [Thu Feb 25 19:49:10 2021] [client connected with socket_fd 38]
[INFO] [Thu Feb 25 19:49:15 2021] [client with socket_fd 38, set user_id 27]
[INFO] [Thu Feb 25 19:49:34 2021] [client disconected with socket_fd 38]
[INFO] [Thu Feb 25 19:49:34 2021] [client connected with socket_fd 39]
[INFO] [Thu Feb 25 19:49:40 2021] [client with socket_fd 39, set user_id 27]
[INFO] [Thu Feb 25 19:49:57 2021] [client disconected with socket_fd 39]
[INFO] [Thu Feb 25 19:49:57 2021] [client connected with socket_fd 40]
[INFO] [Thu Feb 25 19:50:02 2021] [client with socket_fd 40, set user_id 27]
[INFO] [Thu Feb 25 19:51:22 2021] [client disconected with socket_fd 40]
[INFO] [Thu Feb 25 19:51:22 2021] [client connected with socket_fd 41]
[INFO] [Thu Feb 25 19:51:30 2021] [client with socket_fd 41, set user_id 27]
[INFO] [Thu Feb 25 19:52:21 2021] [client disconected with socket_fd 41]
[INFO] [Thu Feb 25 19:52:22 2021] [client connected with socket_fd 42]
[INFO] [Thu Feb 25 19:52:26 2021] [client with socket_fd 42, set user_id 27]
[INFO] [Thu Feb 25 19:56:20 2021] [client disconected with socket_fd 42]
[INFO] [Thu Feb 25 19:56:21 2021] [client connected with socket_fd 43]
[INFO] [Thu Feb 25 19:56:27 2021] [client with socket_fd 43, set user_id 27]
[INFO] [Thu Feb 25 19:57:48 2021] [client disconected with socket_fd 43]
[INFO] [Thu Feb 25 19:57:48 2021] [client connected with socket_fd 44]
[INFO] [Thu Feb 25 19:57:53 2021] [client with socket_fd 44, set user_id 27]
[INFO] [Thu Feb 25 19:58:42 2021] [client disconected with socket_fd 44]
[INFO] [Thu Feb 25 19:58:43 2021] [client connected with socket_fd 45]
[INFO] [Thu Feb 25 19:58:48 2021] [client with socket_fd 45, set user_id 27]
[INFO] [Thu Feb 25 19:59:12 2021] [client disconected with socket_fd 45]
[INFO] [Thu Feb 25 19:59:12 2021] [client connected with socket_fd 46]
[INFO] [Thu Feb 25 19:59:19 2021] [client with socket_fd 46, set user_id 27]
[INFO] [Thu Feb 25 19:59:45 2021] [client disconected with socket_fd 46]
[INFO] [Thu Feb 25 19:59:46 2021] [client connected with socket_fd 47]
[INFO] [Thu Feb 25 19:59:51 2021] [client with socket_fd 47, set user_id 27]
[INFO] [Thu Feb 25 20:00:38 2021] [client disconected with socket_fd 47]
[INFO] [Thu Feb 25 20:00:40 2021] [client connected with socket_fd 48]
[INFO] [Thu Feb 25 20:00:46 2021] [client with socket_fd 48, set user_id 27]
[INFO] [Thu Feb 25 20:02:54 2021] [client disconected with socket_fd 48]
[INFO] [Thu Feb 25 20:02:55 2021] [client connected with socket_fd 49]
[INFO] [Thu Feb 25 20:03:01 2021] [client with socket_fd 49, set user_id 27]
[INFO] [Thu Feb 25 20:03:12 2021] [client disconected with socket_fd 49]
[INFO] [Thu Feb 25 20:06:12 2021] [client connected with socket_fd 50]
[INFO] [Thu Feb 25 20:06:17 2021] [client with socket_fd 50, set user_id 27]
[INFO] [Thu Feb 25 20:10:56 2021] [client disconected with socket_fd 50]
[INFO] [Thu Feb 25 20:12:01 2021] [client connected with socket_fd 51]
[INFO] [Thu Feb 25 20:12:06 2021] [client with socket_fd 51, set user_id 27]
[INFO] [Thu Feb 25 20:12:34 2021] [client disconected with socket_fd 51]
[INFO] [Thu Feb 25 20:12:34 2021] [client connected with socket_fd 52]
[INFO] [Thu Feb 25 20:14:29 2021] [client disconected with socket_fd 52]
[INFO] [Thu Feb 25 20:14:29 2021] [client connected with socket_fd 53]
[INFO] [Thu Feb 25 20:14:34 2021] [client with socket_fd 53, set user_id 27]
[INFO] [Thu Feb 25 20:14:46 2021] [client disconected with socket_fd 53]
[INFO] [Thu Feb 25 20:14:46 2021] [client connected with socket_fd 54]
[INFO] [Thu Feb 25 20:14:51 2021] [client with socket_fd 54, set user_id 27]
[INFO] [Thu Feb 25 20:15:19 2021] [client disconected with socket_fd 54]
[INFO] [Thu Feb 25 20:15:19 2021] [client connected with socket_fd 55]
[INFO] [Thu Feb 25 20:15:26 2021] [client with socket_fd 55, set user_id 27]
[INFO] [Thu Feb 25 20:16:06 2021] [client disconected with socket_fd 55]
[INFO] [Thu Feb 25 20:16:06 2021] [client connected with socket_fd 56]
[INFO] [Thu Feb 25 20:16:12 2021] [client with socket_fd 56, set user_id 27]
[INFO] [Thu Feb 25 20:19:52 2021] [client disconected with socket_fd 56]
[INFO] [Thu Feb 25 20:19:52 2021] [client connected with socket_fd 57]
[INFO] [Thu Feb 25 20:19:57 2021] [client with socket_fd 57, set user_id 27]
[INFO] [Thu Feb 25 20:21:20 2021] [client disconected with socket_fd 57]
[INFO] [Thu Feb 25 20:21:21 2021] [client connected with socket_fd 58]
[INFO] [Thu Feb 25 20:21:29 2021] [client with socket_fd 58, set user_id 27]
[INFO] [Thu Feb 25 20:21:42 2021] [client disconected with socket_fd 58]
[INFO] [Thu Feb 25 20:21:42 2021] [client connected with socket_fd 59]
[INFO] [Thu Feb 25 20:21:50 2021] [client with socket_fd 59, set user_id 27]
[INFO] [Thu Feb 25 20:22:54 2021] [client connected with socket_fd 60]
[INFO] [Thu Feb 25 20:24:21 2021] [client disconected with socket_fd 59]
[INFO] [Thu Feb 25 20:24:26 2021] [client connected with socket_fd 61]
[INFO] [Thu Feb 25 20:24:31 2021] [client with socket_fd 61, set user_id 27]
[INFO] [Thu Feb 25 20:24:39 2021] [client disconected with socket_fd 61]
[INFO] [Thu Feb 25 20:25:03 2021] [client disconected with socket_fd 60]
[INFO] [Thu Feb 25 20:25:04 2021] [client connected with socket_fd 62]
[INFO] [Thu Feb 25 20:25:11 2021] [client with socket_fd 62, set user_id 28]
[INFO] [Thu Feb 25 20:25:20 2021] [client disconected with socket_fd 62]
[INFO] [Thu Feb 25 20:25:21 2021] [client connected with socket_fd 63]
[INFO] [Thu Feb 25 20:26:10 2021] [client disconected with socket_fd 63]
[INFO] [Thu Feb 25 20:26:11 2021] [client connected with socket_fd 64]
[INFO] [Thu Feb 25 20:26:13 2021] [client connected with socket_fd 65]
[INFO] [Thu Feb 25 20:26:20 2021] [client with socket_fd 64, set user_id 29]
[INFO] [Thu Feb 25 20:26:26 2021] [client with socket_fd 65, set user_id 28]
[INFO] [Thu Feb 25 20:28:03 2021] [client disconected with socket_fd 65]
[INFO] [Thu Feb 25 20:28:04 2021] [client disconected with socket_fd 64]
[INFO] [Thu Feb 25 20:28:05 2021] [client connected with socket_fd 66]
[INFO] [Thu Feb 25 20:28:09 2021] [client with socket_fd 66, set user_id 28]
[INFO] [Thu Feb 25 20:28:18 2021] [client disconected with socket_fd 66]
[INFO] [Thu Feb 25 20:30:19 2021] [client connected with socket_fd 67]
[INFO] [Thu Feb 25 20:33:05 2021] [client disconected with socket_fd 67]
[INFO] [Thu Feb 25 20:33:06 2021] [client connected with socket_fd 68]
[INFO] [Thu Feb 25 20:34:20 2021] [client disconected with socket_fd 68]
[INFO] [Thu Feb 25 20:34:21 2021] [client connected with socket_fd 69]
[INFO] [Thu Feb 25 20:34:28 2021] [client with socket_fd 69, set user_id 27]
[INFO] [Thu Feb 25 20:34:42 2021] [client disconected with socket_fd 69]
[INFO] [Thu Feb 25 20:34:43 2021] [client connected with socket_fd 70]
[INFO] [Thu Feb 25 20:35:12 2021] [client disconected with socket_fd 70]
[INFO] [Thu Feb 25 20:35:12 2021] [client connected with socket_fd 71]
[INFO] [Thu Feb 25 20:35:19 2021] [client disconected with socket_fd 71]
[INFO] [Thu Feb 25 20:36:07 2021] [client connected with socket_fd 72]
[INFO] [Thu Feb 25 20:36:41 2021] [client disconected with socket_fd 72]
[INFO] [Thu Feb 25 20:36:41 2021] [client connected with socket_fd 73]
[INFO] [Thu Feb 25 20:37:02 2021] [client disconected with socket_fd 73]
[INFO] [Thu Feb 25 20:37:04 2021] [client connected with socket_fd 74]
[INFO] [Thu Feb 25 20:38:51 2021] [client disconected with socket_fd 74]
[INFO] [Thu Feb 25 20:38:51 2021] [client connected with socket_fd 75]
[INFO] [Thu Feb 25 20:39:43 2021] [client disconected with socket_fd 75]
[INFO] [Thu Feb 25 20:39:44 2021] [client connected with socket_fd 76]
[INFO] [Thu Feb 25 20:40:17 2021] [client disconected with socket_fd 76]
[INFO] [Thu Feb 25 20:44:37 2021] [Server up and running]
[INFO] [Thu Feb 25 20:44:48 2021] [client connected with socket_fd 6]
[INFO] [Thu Feb 25 20:46:09 2021] [client disconected with socket_fd 6]
[INFO] [Thu Feb 25 20:46:10 2021] [client connected with socket_fd 7]
[INFO] [Thu Feb 25 20:46:27 2021] [client disconected with socket_fd 7]
[FATAL] [Thu Feb 25 20:46:31 2021] [Server CTRL+C]
[INFO] [Thu Feb 25 20:47:26 2021] [Server up and running]
[INFO] [Thu Feb 25 20:47:29 2021] [client connected with socket_fd 6]
[INFO] [Thu Feb 25 20:57:31 2021] [Server up and running]
[INFO] [Thu Feb 25 20:57:33 2021] [client connected with socket_fd 6]
[INFO] [Thu Feb 25 20:59:34 2021] [client disconected with socket_fd 6]
[INFO] [Thu Feb 25 20:59:41 2021] [client connected with socket_fd 7]
[INFO] [Thu Feb 25 20:59:51 2021] [client with socket_fd 7, set user_id 27]
[INFO] [Thu Feb 25 21:00:38 2021] [client disconected with socket_fd 7]
[INFO] [Thu Feb 25 21:01:37 2021] [client connected with socket_fd 8]
[INFO] [Thu Feb 25 21:01:47 2021] [client disconected with socket_fd 8]
[INFO] [Thu Feb 25 21:02:02 2021] [client connected with socket_fd 9]
[INFO] [Thu Feb 25 21:03:00 2021] [client disconected with socket_fd 9]
[INFO] [Thu Feb 25 21:03:01 2021] [client connected with socket_fd 16]
[INFO] [Thu Feb 25 21:03:04 2021] [client disconected with socket_fd 16]
[INFO] [Thu Feb 25 21:03:12 2021] [client connected with socket_fd 17]
[INFO] [Thu Feb 25 21:04:16 2021] [client disconected with socket_fd 17]
[INFO] [Thu Feb 25 21:06:55 2021] [client connected with socket_fd 18]
[INFO] [Thu Feb 25 21:07:14 2021] [client disconected with socket_fd 18]
[INFO] [Thu Feb 25 21:08:35 2021] [client connected with socket_fd 19]
[INFO] [Thu Feb 25 21:08:40 2021] [client with socket_fd 19, set user_id 27]
[INFO] [Thu Feb 25 21:09:01 2021] [client disconected with socket_fd 19]
[INFO] [Thu Feb 25 21:09:03 2021] [client connected with socket_fd 20]
[INFO] [Thu Feb 25 21:09:09 2021] [client with socket_fd 20, set user_id 27]
[INFO] [Thu Feb 25 21:09:19 2021] [client disconected with socket_fd 20]
[INFO] [Thu Feb 25 21:09:49 2021] [client connected with socket_fd 21]
[INFO] [Thu Feb 25 21:09:55 2021] [client with socket_fd 21, set user_id 27]
[INFO] [Thu Feb 25 21:10:00 2021] [client disconected with socket_fd 21]
[INFO] [Thu Feb 25 21:10:34 2021] [client connected with socket_fd 22]
[INFO] [Thu Feb 25 21:10:41 2021] [client with socket_fd 22, set user_id 27]
[INFO] [Thu Feb 25 21:11:36 2021] [client disconected with socket_fd 22]
[INFO] [Thu Feb 25 21:11:37 2021] [client connected with socket_fd 23]
[INFO] [Thu Feb 25 21:11:41 2021] [client with socket_fd 23, set user_id 27]
[INFO] [Thu Feb 25 21:11:57 2021] [client disconected with socket_fd 23]
[INFO] [Thu Feb 25 21:11:58 2021] [client connected with socket_fd 24]
[INFO] [Thu Feb 25 21:12:08 2021] [client with socket_fd 24, set user_id 27]
[INFO] [Thu Feb 25 21:13:23 2021] [client disconected with socket_fd 24]
[INFO] [Thu Feb 25 21:13:24 2021] [client connected with socket_fd 27]
[INFO] [Thu Feb 25 21:13:31 2021] [client connected with socket_fd 28]
[INFO] [Thu Feb 25 21:13:33 2021] [client disconected with socket_fd 27]
[INFO] [Thu Feb 25 21:13:34 2021] [client connected with socket_fd 29]
[INFO] [Thu Feb 25 21:13:40 2021] [client with socket_fd 28, set user_id 27]
[INFO] [Thu Feb 25 21:13:45 2021] [client with socket_fd 29, set user_id 38]
[INFO] [Thu Feb 25 21:14:13 2021] [client disconected with socket_fd 29]
[INFO] [Thu Feb 25 21:18:23 2021] [client disconected with socket_fd 28]
[INFO] [Thu Feb 25 21:21:22 2021] [client connected with socket_fd 30]
[INFO] [Thu Feb 25 21:21:24 2021] [client connected with socket_fd 31]
[INFO] [Thu Feb 25 21:21:32 2021] [client with socket_fd 31, set user_id 27]
[INFO] [Thu Feb 25 21:21:39 2021] [client disconected with socket_fd 31]
[INFO] [Thu Feb 25 21:22:48 2021] [client connected with socket_fd 32]
[INFO] [Thu Feb 25 21:22:54 2021] [client with socket_fd 32, set user_id 27]
[INFO] [Thu Feb 25 21:22:59 2021] [client disconected with socket_fd 32]
[INFO] [Thu Feb 25 21:24:02 2021] [client disconected with socket_fd 30]
[INFO] [Thu Feb 25 21:24:02 2021] [client connected with socket_fd 33]
[INFO] [Thu Feb 25 21:24:09 2021] [client with socket_fd 33, set user_id 27]
[INFO] [Thu Feb 25 21:24:14 2021] [client connected with socket_fd 34]
[INFO] [Thu Feb 25 21:26:00 2021] [client disconected with socket_fd 34]
[INFO] [Thu Feb 25 21:26:00 2021] [client disconected with socket_fd 33]
[INFO] [Thu Feb 25 21:26:02 2021] [client connected with socket_fd 35]
[INFO] [Thu Feb 25 21:26:09 2021] [client with socket_fd 35, set user_id 39]
[INFO] [Thu Feb 25 21:26:57 2021] [client disconected with socket_fd 35]
[INFO] [Thu Feb 25 21:26:59 2021] [client connected with socket_fd 36]
[INFO] [Thu Feb 25 21:27:01 2021] [client connected with socket_fd 37]
[INFO] [Thu Feb 25 21:27:02 2021] [client disconected with socket_fd 37]
[INFO] [Thu Feb 25 21:27:08 2021] [client with socket_fd 36, set user_id 27]
[INFO] [Thu Feb 25 21:28:19 2021] [client disconected with socket_fd 36]
[INFO] [Thu Feb 25 21:28:21 2021] [client connected with socket_fd 38]
[INFO] [Thu Feb 25 21:28:31 2021] [client disconected with socket_fd 38]
[INFO] [Thu Feb 25 21:28:32 2021] [client connected with socket_fd 39]
[INFO] [Thu Feb 25 21:28:37 2021] [client with socket_fd 39, set user_id 27]
[INFO] [Thu Feb 25 21:28:42 2021] [client connected with socket_fd 40]
[INFO] [Thu Feb 25 21:28:52 2021] [client with socket_fd 40, set user_id 39]
[INFO] [Thu Feb 25 21:29:12 2021] [client disconected with socket_fd 39]
[INFO] [Thu Feb 25 21:29:12 2021] [client connected with socket_fd 41]
[INFO] [Thu Feb 25 21:29:19 2021] [client disconected with socket_fd 40]
[INFO] [Thu Feb 25 21:29:20 2021] [client disconected with socket_fd 41]
[INFO] [Thu Feb 25 21:29:20 2021] [client connected with socket_fd 42]
[INFO] [Thu Feb 25 21:29:31 2021] [client connected with socket_fd 43]
[INFO] [Thu Feb 25 21:29:37 2021] [client with socket_fd 43, set user_id 27]
[INFO] [Thu Feb 25 21:31:24 2021] [client disconected with socket_fd 42]
[INFO] [Thu Feb 25 21:31:26 2021] [client disconected with socket_fd 43]
[INFO] [Thu Feb 25 21:32:41 2021] [client connected with socket_fd 44]
[INFO] [Thu Feb 25 21:32:59 2021] [client with socket_fd 44, set user_id 27]
[INFO] [Thu Feb 25 21:33:07 2021] [client connected with socket_fd 45]
[INFO] [Thu Feb 25 21:40:30 2021] [client disconected with socket_fd 44]
[INFO] [Thu Feb 25 21:40:32 2021] [client disconected with socket_fd 45]
[FATAL] [Thu Feb 25 21:40:40 2021] [Server CTRL+C]
[INFO] [Thu Feb 25 21:41:20 2021] [Server up and running]
[INFO] [Thu Feb 25 21:41:21 2021] [client connected with socket_fd 6]
[INFO] [Thu Feb 25 21:41:23 2021] [client connected with socket_fd 7]
[INFO] [Thu Feb 25 21:41:32 2021] [client with socket_fd 7, set user_id 27]
[INFO] [Thu Feb 25 21:41:40 2021] [client with socket_fd 6, set user_id 39]
[INFO] [Thu Feb 25 21:42:01 2021] [client disconected with socket_fd 6]
[INFO] [Thu Feb 25 21:42:07 2021] [client connected with socket_fd 8]
[INFO] [Thu Feb 25 21:42:19 2021] [client with socket_fd 8, set user_id 41]
[INFO] [Thu Feb 25 21:49:19 2021] [client disconected with socket_fd 7]
[INFO] [Thu Feb 25 21:49:20 2021] [client connected with socket_fd 9]
[INFO] [Thu Feb 25 21:49:35 2021] [client disconected with socket_fd 9]
[INFO] [Thu Feb 25 21:49:45 2021] [client disconected with socket_fd 8]
[FATAL] [Thu Feb 25 21:49:46 2021] [Server CTRL+C]
[INFO] [Thu Feb 25 21:50:22 2021] [Server up and running]
[INFO] [Thu Feb 25 21:50:25 2021] [client connected with socket_fd 6]
[INFO] [Thu Feb 25 21:50:29 2021] [client connected with socket_fd 7]
[INFO] [Thu Feb 25 21:52:51 2021] [client disconected with socket_fd 7]
[INFO] [Thu Feb 25 21:52:53 2021] [client connected with socket_fd 8]
[INFO] [Thu Feb 25 21:53:27 2021] [client disconected with socket_fd 8]
[INFO] [Thu Feb 25 21:53:28 2021] [client connected with socket_fd 9]
[INFO] [Thu Feb 25 21:53:49 2021] [client disconected with socket_fd 9]
[INFO] [Thu Feb 25 21:54:40 2021] [client connected with socket_fd 16]
[INFO] [Thu Feb 25 21:54:48 2021] [client with socket_fd 16, set user_id 27]
[INFO] [Thu Feb 25 21:55:08 2021] [client disconected with socket_fd 16]
[INFO] [Thu Feb 25 21:55:10 2021] [client connected with socket_fd 17]
[FATAL] [Thu Feb 25 21:56:09 2021] [Server CTRL+C]
[INFO] [Thu Feb 25 21:58:02 2021] [Server up and running]
[INFO] [Thu Feb 25 21:58:04 2021] [client connected with socket_fd 6]
[INFO] [Thu Feb 25 21:58:10 2021] [client with socket_fd 6, set user_id 27]
[FATAL] [Thu Feb 25 21:59:37 2021] [Server CTRL+C]
[INFO] [Thu Feb 25 22:08:24 2021] [Server up and running]
[INFO] [Thu Feb 25 22:08:27 2021] [client connected with socket_fd 6]
[INFO] [Thu Feb 25 22:09:40 2021] [client disconected with socket_fd 6]
[INFO] [Thu Feb 25 22:09:41 2021] [client connected with socket_fd 7]
[INFO] [Thu Feb 25 22:10:36 2021] [client connected with socket_fd 8]
[INFO] [Thu Feb 25 22:10:50 2021] [client with socket_fd 8, set user_id 42]
[INFO] [Thu Feb 25 22:11:57 2021] [client disconected with socket_fd 7]
[INFO] [Thu Feb 25 22:11:59 2021] [client connected with socket_fd 9]
[INFO] [Thu Feb 25 22:12:10 2021] [client with socket_fd 9, set user_id 42]
[INFO] [Thu Feb 25 22:13:45 2021] [client disconected with socket_fd 9]
[INFO] [Thu Feb 25 22:13:45 2021] [client disconected with socket_fd 8]
[INFO] [Thu Feb 25 22:15:05 2021] [client connected with socket_fd 16]
[INFO] [Thu Feb 25 22:15:34 2021] [client with socket_fd 16, set user_id 43]
[INFO] [Thu Feb 25 22:15:44 2021] [client disconected with socket_fd 16]
[INFO] [Thu Feb 25 22:15:45 2021] [client connected with socket_fd 17]
[INFO] [Thu Feb 25 22:15:45 2021] [client disconected with socket_fd 17]
[INFO] [Thu Feb 25 22:15:50 2021] [client connected with socket_fd 18]
[INFO] [Thu Feb 25 22:15:58 2021] [client with socket_fd 18, set user_id 43]
[INFO] [Thu Feb 25 22:15:58 2021] [client disconected with socket_fd 18]
[INFO] [Thu Feb 25 22:17:35 2021] [client connected with socket_fd 19]
[INFO] [Thu Feb 25 22:17:42 2021] [client with socket_fd 19, set user_id 43]
[INFO] [Thu Feb 25 22:17:42 2021] [client disconected with socket_fd 19]
[INFO] [Thu Feb 25 22:19:17 2021] [client connected with socket_fd 20]
[INFO] [Thu Feb 25 22:19:41 2021] [client with socket_fd 20, set user_id 43]
[INFO] [Thu Feb 25 22:20:14 2021] [client disconected with socket_fd 20]
[INFO] [Thu Feb 25 22:20:44 2021] [client connected with socket_fd 21]
[INFO] [Thu Feb 25 22:20:47 2021] [client connected with socket_fd 22]
[INFO] [Thu Feb 25 22:27:16 2021] [client disconected with socket_fd 21]
[INFO] [Thu Feb 25 22:27:17 2021] [client disconected with socket_fd 22]
[INFO] [Thu Feb 25 22:27:22 2021] [client connected with socket_fd 23]
[INFO] [Thu Feb 25 22:27:24 2021] [client connected with socket_fd 24]
[INFO] [Thu Feb 25 22:28:10 2021] [client with socket_fd 23, set user_id 42]
[FATAL] [Thu Feb 25 22:38:45 2021] [Server CTRL+C]
[FATAL] [Thu Feb 25 22:38:45 2021] [Server CTRL+C]
[INFO] [Thu Feb 25 22:39:27 2021] [Server up and running]
[INFO] [Thu Feb 25 22:39:30 2021] [client connected with socket_fd 6]
[INFO] [Thu Feb 25 22:39:32 2021] [client connected with socket_fd 7]
[INFO] [Thu Feb 25 22:39:54 2021] [client with socket_fd 7, set user_id 42]
[FATAL] [Thu Feb 25 22:44:05 2021] [Server CTRL+C]
[INFO] [Thu Feb 25 22:44:45 2021] [Server up and running]
[INFO] [Thu Feb 25 22:44:48 2021] [client connected with socket_fd 6]
[INFO] [Thu Feb 25 22:44:50 2021] [client connected with socket_fd 7]
[INFO] [Thu Feb 25 22:45:13 2021] [client with socket_fd 6, set user_id 45]
[INFO] [Thu Feb 25 22:45:49 2021] [client with socket_fd 7, set user_id 42]
[INFO] [Thu Feb 25 22:47:09 2021] [client disconected with socket_fd 6]
[INFO] [Thu Feb 25 22:47:12 2021] [client connected with socket_fd 8]
[FATAL] [Thu Feb 25 22:53:50 2021] [Server CTRL+C]
[INFO] [Thu Feb 25 22:55:12 2021] [Server up and running]
[INFO] [Thu Feb 25 22:55:14 2021] [client connected with socket_fd 6]
[INFO] [Thu Feb 25 22:55:17 2021] [client connected with socket_fd 7]
[INFO] [Thu Feb 25 22:56:05 2021] [client with socket_fd 7, set user_id 42]
[FATAL] [Thu Feb 25 23:02:44 2021] [Server CTRL+C]
[INFO] [Thu Feb 25 23:03:31 2021] [Server up and running]
[INFO] [Thu Feb 25 23:03:34 2021] [client connected with socket_fd 6]
[INFO] [Thu Feb 25 23:03:36 2021] [client connected with socket_fd 7]
[INFO] [Thu Feb 25 23:03:58 2021] [client with socket_fd 7, set user_id 42]
[INFO] [Thu Feb 25 23:04:58 2021] [client with socket_fd 6, set user_id 48]
[INFO] [Thu Feb 25 23:05:43 2021] [client disconected with socket_fd 6]
[INFO] [Thu Feb 25 23:07:47 2021] [client connected with socket_fd 8]
[INFO] [Thu Feb 25 23:08:36 2021] [client with socket_fd 8, set user_id 49]
[INFO] [Thu Feb 25 23:10:28 2021] [client disconected with socket_fd 7]
[INFO] [Thu Feb 25 23:10:29 2021] [client disconected with socket_fd 8]
[INFO] [Thu Feb 25 23:10:30 2021] [client connected with socket_fd 9]
[INFO] [Thu Feb 25 23:10:32 2021] [client connected with socket_fd 16]
[INFO] [Thu Feb 25 23:11:17 2021] [client with socket_fd 9, set user_id 42]
[INFO] [Thu Feb 25 23:12:23 2021] [client with socket_fd 16, set user_id 50]
[INFO] [Thu Feb 25 23:22:17 2021] [Server up and running]
[INFO] [Thu Feb 25 23:22:34 2021] [client connected with socket_fd 6]
[INFO] [Thu Feb 25 23:22:54 2021] [client connected with socket_fd 7]
[INFO] [Thu Feb 25 23:23:55 2021] [client with socket_fd 7, set user_id 42]
[INFO] [Thu Feb 25 23:24:39 2021] [client with socket_fd 6, set user_id 51]
[INFO] [Thu Feb 25 23:29:03 2021] [Server up and running]
[INFO] [Thu Feb 25 23:29:08 2021] [client connected with socket_fd 6]
[INFO] [Thu Feb 25 23:29:14 2021] [client connected with socket_fd 7]
[INFO] [Thu Feb 25 23:30:01 2021] [client with socket_fd 7, set user_id 42]
[INFO] [Thu Feb 25 23:30:43 2021] [client with socket_fd 6, set user_id 52]
[FATAL] [Fri Feb 26 00:18:25 2021] [Server CTRL+C]
[FATAL] [Fri Feb 26 00:18:25 2021] [Server CTRL+C]
